\BOOKMARK [0][]{chapter.1}{\376\377\0001\000\040\176\352\213\272}{}% 1
\BOOKMARK [1][]{section.1.1}{\376\377\0001\000.\0001\000\040\147\072\136\212\155\262\123\213\117\040\122\250\174\373\176\337}{chapter.1}% 2
\BOOKMARK [1][]{section.1.2}{\376\377\0001\000.\0002\000\040\155\262\123\213\117\040\122\250\166\204\117\030\060\001\177\072\160\271\123\312\127\050\147\072\136\212\116\012\166\204\136\224\165\050}{chapter.1}% 3
\BOOKMARK [0][]{chapter.2}{\376\377\0002\000\040\155\262\123\213\154\271\123\312\155\262\123\213\155\101\117\123\122\233\133\146\127\372\170\100}{}% 4
\BOOKMARK [1][]{section.2.1}{\376\377\0002\000.\0001\000\040\155\262\123\213\154\271}{chapter.2}% 5
\BOOKMARK [1][]{section.2.2}{\376\377\0002\000.\0002\000\040\123\213\122\233\166\204\210\150\171\072\145\271\154\325\123\312\123\125\117\115}{chapter.2}% 6
\BOOKMARK [1][]{section.2.3}{\376\377\0002\000.\0003\000\040\136\025\145\257\123\141\123\237\164\006\040\024\040\024\227\131\123\213\117\040\220\022\123\237\164\006}{chapter.2}% 7
\BOOKMARK [1][]{section.2.4}{\376\377\0002\000.\0004\000\040\155\262\117\123\227\131\123\213\122\233\117\134\165\050\127\050\126\372\117\123\130\301\227\142\116\012\166\204\122\233}{chapter.2}% 8
\BOOKMARK [0][]{chapter.3}{\376\377\0003\000\040\155\101\122\250\155\262\117\123\166\204\127\372\147\054\122\233\133\146\140\047\200\375}{}% 9
\BOOKMARK [1][]{section.3.1}{\376\377\0003\000.\0001\000\040\127\372\147\054\151\202\137\365}{chapter.3}% 10
\BOOKMARK [1][]{section.3.2}{\376\377\0003\000.\0002\000\040\155\101\117\123\166\204\155\101\122\250\162\266\140\001\060\001\226\367\213\372\145\160}{chapter.3}% 11
\BOOKMARK [1][]{section.3.3}{\376\377\0003\000.\0003\000\040\155\101\122\250\155\262\117\123\166\204\155\101\221\317\000-\123\213\122\233\162\171\140\047}{chapter.3}% 12
\BOOKMARK [1][]{section.3.4}{\376\377\0003\000.\0004\000\040\155\262\123\213\121\262\121\373\124\214\154\024\172\164\163\260\214\141}{chapter.3}% 13
\BOOKMARK [0][]{chapter.4}{\376\377\0004\000\040\155\262\123\213\154\365\124\214\155\262\123\213\232\154\217\276}{}% 14
\BOOKMARK [1][]{section.4.1}{\376\377\0004\000.\0001\000\040\151\202\000\040\217\360}{chapter.4}% 15
\BOOKMARK [1][]{section.4.2}{\376\377\0004\000.\0002\000\040\237\177\217\156\154\365}{chapter.4}% 16
\BOOKMARK [1][]{section.4.3}{\376\377\0004\000.\0003\000\040\123\366\162\107\154\365}{chapter.4}% 17
\BOOKMARK [1][]{section.4.4}{\376\377\0004\000.\0004\000\040\147\361\130\136\154\365\124\214\147\361\130\136\155\262\123\213\232\154\217\276}{chapter.4}% 18
\BOOKMARK [1][]{section.4.5}{\376\377\0004\000.\0005\000\040\140\035\200\003\230\230\124\214\116\140\230\230}{chapter.4}% 19
\BOOKMARK [1][]{section.4.6}{\376\377\0004\000.\0006\000\040\173\054\116\011\172\340\000\040\155\262\123\213\177\070}{chapter.4}% 20
\BOOKMARK [1][]{section.4.7}{\376\377\0004\000.\0007\000\040\155\073\130\136\137\017\155\262\123\213\177\070}{chapter.4}% 21
\BOOKMARK [1][]{section.4.8}{\376\377\0004\000.\0008\000\040\147\361\130\136\137\017\155\262\123\213\177\070}{chapter.4}% 22
\BOOKMARK [1][]{section.4.9}{\376\377\0004\000.\0009\000\040\144\106\122\250\155\262\123\213\177\070}{chapter.4}% 23
\BOOKMARK [1][]{section.4.10}{\376\377\0004\000.\0001\0000\000\040\155\262\123\213\177\070\176\323\147\204\213\276\213\241\116\055\136\224\154\350\141\017\166\204\225\356\230\230}{chapter.4}% 24
\BOOKMARK [0][]{chapter.5}{\376\377\0005\000\040\143\247\122\066\226\000}{}% 25
\BOOKMARK [1][]{section.5.1}{\376\377\0005\000.\0001\000\040\151\202\217\360}{chapter.5}% 26
\BOOKMARK [1][]{section.5.2}{\376\377\0005\000.\0002\000\040\145\271\124\021\143\247\122\066\226\000}{chapter.5}% 27
\BOOKMARK [1][]{section.5.3}{\376\377\0005\000.\0003\000\040\121\317\123\213\226\000}{chapter.5}% 28
\BOOKMARK [1][]{section.5.4}{\376\377\0005\000.\0004\000\040\230\172\136\217\226\000}{chapter.5}% 29
\BOOKMARK [0][]{chapter.6}{\376\377\0006\000\040\217\205\122\251\210\305\177\156}{}% 30
\BOOKMARK [1][]{section.6.1}{\376\377\0006\000.\0001\000\040\204\304\200\375\126\150}{chapter.6}% 31
\BOOKMARK [1][]{section.6.2}{\376\377\0006\000.\0002\000\040\156\344\154\271\126\150}{chapter.6}% 32
\BOOKMARK [1][]{section.6.3}{\376\377\0006\000.\0003\000\040\154\271\173\261\124\214\160\355\116\244\143\142\126\150}{chapter.6}% 33
\BOOKMARK [0][]{chapter.7}{\376\377\0007\000\040\155\262\123\213\117\040\122\250\174\373\176\337\166\204\220\037\136\246\214\003\202\202}{}% 34
\BOOKMARK [1][]{section.7.1}{\376\377\0007\000.\0001\000\040\214\003\220\037\126\336\215\357}{chapter.7}% 35
\BOOKMARK [1][]{section.7.2}{\376\377\0007\000.\0002\000\040\133\271\171\357\214\003\220\037\126\336\215\357}{chapter.7}% 36
\BOOKMARK [1][]{section.7.3}{\376\377\0007\000.\0003\000\040\137\353\220\037\217\320\122\250\126\336\215\357}{chapter.7}% 37
\BOOKMARK [1][]{section.7.4}{\376\377\0007\000.\0004\000\040\220\037\136\246\143\142\143\245\126\336\215\357}{chapter.7}% 38
\BOOKMARK [0][]{chapter.8}{\376\377\0008\000\040\121\170\127\213\155\262\123\213\174\373\176\337}{}% 39
\BOOKMARK [1][]{section.8.1}{\376\377\0008\000.\0001\000\040\176\304\124\010\147\072\136\212\122\250\122\233\156\321\123\360\155\262\123\213\174\373\176\337}{chapter.8}% 40
\BOOKMARK [1][]{section.8.2}{\376\377\0008\000.\0002\000\040\000M\0001\0004\0003\0002\000A\127\213\116\007\200\375\131\026\127\006\170\350\136\212\166\204\155\262\123\213\174\373\176\337}{chapter.8}% 41
\BOOKMARK [1][]{section.8.3}{\376\377\0008\000.\0003\000\040\155\262\123\213\147\072\166\204\155\262\123\213\174\373\176\337}{chapter.8}% 42
\BOOKMARK [0][]{chapter.9}{\376\377\0009\000\040\173\054\121\153\172\340\147\072\136\212\155\262\123\213\174\373\176\337\166\204\213\276\213\241\116\016\213\241\173\227}{}% 43
\BOOKMARK [1][]{section.9.1}{\376\377\0009\000.\0001\000\040\0008\000-\0001\000\040\151\202\217\360}{chapter.9}% 44
\BOOKMARK [1][]{section.9.2}{\376\377\0009\000.\0002\000\040\0008\000-\0002\000\040\155\262\123\213\174\373\176\337\213\276\213\241\116\016\213\241\173\227\116\076\117\213}{chapter.9}% 45
\BOOKMARK [1][]{section.9.3}{\376\377\0009\000.\0003\000\040\213\241\173\227\131\026\215\037\217\175}{chapter.9}% 46
\BOOKMARK [1][]{section.9.4}{\376\377\0009\000.\0004\000\040\176\330\122\066\215\037\217\175\126\376\124\214\220\037\136\246\126\376}{chapter.9}% 47
\BOOKMARK [1][]{section.9.5}{\376\377\0009\000.\0005\000\040\170\156\133\232\155\262\123\213\174\373\176\337\123\302\145\160}{chapter.9}% 48
\BOOKMARK [1][]{section.9.6}{\376\377\0009\000.\0006\000\040\142\337\133\232\155\262\123\213\174\373\176\337\123\237\164\006\126\376}{chapter.9}% 49
\BOOKMARK [1][]{section.9.7}{\376\377\0009\000.\0007\000\040\220\011\142\351\155\262\123\213\121\103\116\366}{chapter.9}% 50
\BOOKMARK [1][]{section.9.8}{\376\377\0009\000.\0008\000\040\121\103\060\001\217\205\116\366\166\204\220\011\142\351}{chapter.9}% 51
\BOOKMARK [1][]{section.9.9}{\376\377\0009\000.\0009\000\040\173\241\215\357\174\373\176\337\123\213\122\233\143\137\131\061\166\204\232\214\173\227}{chapter.9}% 52
\BOOKMARK [0][]{chapter.10}{\376\377\0001\0000\000\040\155\262\123\213\117\072\147\015\174\373\176\337}{}% 53
\BOOKMARK [1][]{section.10.1}{\376\377\0001\0000\000.\0001\000\040\155\262\123\213\117\072\147\015\174\373\176\337\166\204\135\345\117\134\123\237\164\006\116\016\174\173\127\213}{chapter.10}% 54
\BOOKMARK [1][]{section.10.2}{\376\377\0001\0000\000.\0002\000\040\155\262\123\213\145\076\131\047\126\150}{chapter.10}% 55
\BOOKMARK [1][]{section.10.3}{\376\377\0001\0000\000.\0003\000\040\147\072\155\262\117\072\147\015\174\373\176\337\162\171\140\047\122\006\147\220\116\016\213\241\173\227}{chapter.10}% 56
