This is XeTeX, Version 3.14159265-2.6-0.999992 (TeX Live 2020/W32TeX) (preloaded format=xelatex 2021.1.31)  14 MAR 2021 19:05
entering extended mode
 restricted \write18 enabled.
 %&-line parsing enabled.
**elegantbook-cn.tex
(./elegantbook-cn.tex
LaTeX2e <2020-02-02> patch level 5
L3 programming layer <2020-03-06> (./elegantbook.cls
Document Class: elegantbook 2020/04/12 v3.11 ElegantBook document class
(c:/texlive/2020/texmf-dist/tex/latex/kvoptions/kvoptions.sty
Package: kvoptions 2019/11/29 v3.13 Key value format for package options (HO)

(c:/texlive/2020/texmf-dist/tex/latex/graphics/keyval.sty
Package: keyval 2014/10/28 v1.15 key=value parser (DPC)
\KV@toks@=\toks15
)
(c:/texlive/2020/texmf-dist/tex/generic/ltxcmds/ltxcmds.sty
Package: ltxcmds 2019/12/15 v1.24 LaTeX kernel commands for general use (HO)
)
(c:/texlive/2020/texmf-dist/tex/generic/kvsetkeys/kvsetkeys.sty
Package: kvsetkeys 2019/12/15 v1.18 Key value parser (HO)
))
(c:/texlive/2020/texmf-dist/tex/latex/etoolbox/etoolbox.sty
Package: etoolbox 2019/09/21 v2.5h e-TeX tools for LaTeX (JAW)
\etb@tempcnta=\count163
)
(c:/texlive/2020/texmf-dist/tex/latex/base/book.cls
Document Class: book 2019/12/20 v1.4l Standard LaTeX document class
(c:/texlive/2020/texmf-dist/tex/latex/base/bk11.clo
File: bk11.clo 2019/12/20 v1.4l Standard LaTeX file (size option)
)
\c@part=\count164
\c@chapter=\count165
\c@section=\count166
\c@subsection=\count167
\c@subsubsection=\count168
\c@paragraph=\count169
\c@subparagraph=\count170
\c@figure=\count171
\c@table=\count172
\abovecaptionskip=\skip47
\belowcaptionskip=\skip48
\bibindent=\dimen134
)
(c:/texlive/2020/texmf-dist/tex/latex/setspace/setspace.sty
Package: setspace 2011/12/19 v6.7a set line spacing
)
(c:/texlive/2020/texmf-dist/tex/latex/hyperref/hyperref.sty
Package: hyperref 2020/01/14 v7.00d Hypertext links for LaTeX

(c:/texlive/2020/texmf-dist/tex/generic/iftex/iftex.sty
Package: iftex 2020/03/06 v1.0d TeX engine tests
)
(c:/texlive/2020/texmf-dist/tex/latex/pdftexcmds/pdftexcmds.sty
Package: pdftexcmds 2019/11/24 v0.31 Utility functions of pdfTeX for LuaTeX (HO
)

(c:/texlive/2020/texmf-dist/tex/generic/infwarerr/infwarerr.sty
Package: infwarerr 2019/12/03 v1.5 Providing info/warning/error messages (HO)
)
Package pdftexcmds Info: \pdf@primitive is available.
Package pdftexcmds Info: \pdf@ifprimitive is available.
Package pdftexcmds Info: \pdfdraftmode not found.
)
(c:/texlive/2020/texmf-dist/tex/generic/kvdefinekeys/kvdefinekeys.sty
Package: kvdefinekeys 2019-12-19 v1.6 Define keys (HO)
)
(c:/texlive/2020/texmf-dist/tex/generic/pdfescape/pdfescape.sty
Package: pdfescape 2019/12/09 v1.15 Implements pdfTeX's escape features (HO)
)
(c:/texlive/2020/texmf-dist/tex/latex/hycolor/hycolor.sty
Package: hycolor 2020-01-27 v1.10 Color options for hyperref/bookmark (HO)
)
(c:/texlive/2020/texmf-dist/tex/latex/letltxmacro/letltxmacro.sty
Package: letltxmacro 2019/12/03 v1.6 Let assignment for LaTeX macros (HO)
)
(c:/texlive/2020/texmf-dist/tex/latex/auxhook/auxhook.sty
Package: auxhook 2019-12-17 v1.6 Hooks for auxiliary files (HO)
)
\@linkdim=\dimen135
\Hy@linkcounter=\count173
\Hy@pagecounter=\count174

(c:/texlive/2020/texmf-dist/tex/latex/hyperref/pd1enc.def
File: pd1enc.def 2020/01/14 v7.00d Hyperref: PDFDocEncoding definition (HO)
)
(c:/texlive/2020/texmf-dist/tex/generic/intcalc/intcalc.sty
Package: intcalc 2019/12/15 v1.3 Expandable calculations with integers (HO)
)
(c:/texlive/2020/texmf-dist/tex/generic/etexcmds/etexcmds.sty
Package: etexcmds 2019/12/15 v1.7 Avoid name clashes with e-TeX commands (HO)
)
\Hy@SavedSpaceFactor=\count175
Package hyperref Info: Hyper figures OFF on input line 4547.
Package hyperref Info: Link nesting OFF on input line 4552.
Package hyperref Info: Hyper index ON on input line 4555.
Package hyperref Info: Plain pages OFF on input line 4562.
Package hyperref Info: Backreferencing OFF on input line 4567.
Package hyperref Info: Implicit mode ON; LaTeX internals redefined.
Package hyperref Info: Bookmarks ON on input line 4800.
\c@Hy@tempcnt=\count176

(c:/texlive/2020/texmf-dist/tex/latex/url/url.sty
\Urlmuskip=\muskip16
Package: url 2013/09/16  ver 3.4  Verb mode for urls, etc.
)
LaTeX Info: Redefining \url on input line 5159.
\XeTeXLinkMargin=\dimen136

(c:/texlive/2020/texmf-dist/tex/generic/bitset/bitset.sty
Package: bitset 2019/12/09 v1.3 Handle bit-vector datatype (HO)

(c:/texlive/2020/texmf-dist/tex/generic/bigintcalc/bigintcalc.sty
Package: bigintcalc 2019/12/15 v1.5 Expandable calculations on big integers (HO
)
))
\Fld@menulength=\count177
\Field@Width=\dimen137
\Fld@charsize=\dimen138
Package hyperref Info: Hyper figures OFF on input line 6430.
Package hyperref Info: Link nesting OFF on input line 6435.
Package hyperref Info: Hyper index ON on input line 6438.
Package hyperref Info: backreferencing OFF on input line 6445.
Package hyperref Info: Link coloring OFF on input line 6450.
Package hyperref Info: Link coloring with OCG OFF on input line 6455.
Package hyperref Info: PDF/A mode OFF on input line 6460.
LaTeX Info: Redefining \ref on input line 6500.
LaTeX Info: Redefining \pageref on input line 6504.

(c:/texlive/2020/texmf-dist/tex/generic/atbegshi/atbegshi.sty
Package: atbegshi 2019/12/05 v1.19 At begin shipout hook (HO)
)
\Hy@abspage=\count178
\c@Item=\count179
\c@Hfootnote=\count180
)
Package hyperref Info: Driver (autodetected): hxetex.

(c:/texlive/2020/texmf-dist/tex/latex/hyperref/hxetex.def
File: hxetex.def 2020/01/14 v7.00d Hyperref driver for XeTeX

(c:/texlive/2020/texmf-dist/tex/latex/hyperref/puenc.def
File: puenc.def 2020/01/14 v7.00d Hyperref: PDF Unicode definition (HO)
)
(c:/texlive/2020/texmf-dist/tex/generic/stringenc/stringenc.sty
Package: stringenc 2019/11/29 v1.12 Convert strings between diff. encodings (HO
)
)
\pdfm@box=\box45
\c@Hy@AnnotLevel=\count181
\HyField@AnnotCount=\count182
\Fld@listcount=\count183
\c@bookmark@seq@number=\count184

(c:/texlive/2020/texmf-dist/tex/latex/rerunfilecheck/rerunfilecheck.sty
Package: rerunfilecheck 2019/12/05 v1.9 Rerun checks for auxiliary files (HO)

(c:/texlive/2020/texmf-dist/tex/latex/atveryend/atveryend.sty
Package: atveryend 2019-12-11 v1.11 Hooks at the very end of document (HO)
)
(c:/texlive/2020/texmf-dist/tex/generic/uniquecounter/uniquecounter.sty
Package: uniquecounter 2019/12/15 v1.4 Provide unlimited unique counter (HO)
)
Package uniquecounter Info: New unique counter `rerunfilecheck' on input line 2
86.
)
\Hy@SectionHShift=\skip49
)
Package hyperref Info: Option `breaklinks' set `true' on input line 105.
Package hyperref Info: Option `unicode' set `true' on input line 105.
Package hyperref Info: Option `bookmarksnumbered' set `true' on input line 105.

Package hyperref Info: Option `bookmarksopen' set `true' on input line 105.

(c:/texlive/2020/texmf-dist/tex/generic/stringenc/se-ascii-print.def
File: se-ascii-print.def 2019/11/29 v1.12 stringenc: Printable ASCII characters

)
Package hyperref Info: Option `colorlinks' set `true' on input line 105.
Package hyperref Info: Option `plainpages' set `false' on input line 105.
Package hyperref Info: Option `linktocpage' set `true' on input line 105.

(c:/texlive/2020/texmf-dist/tex/latex/geometry/geometry.sty
Package: geometry 2020/01/02 v5.9 Page Geometry

(c:/texlive/2020/texmf-dist/tex/generic/iftex/ifvtex.sty
Package: ifvtex 2019/10/25 v1.7 ifvtex legacy package. Use iftex instead.
)
\Gm@cnth=\count185
\Gm@cntv=\count186
\c@Gm@tempcnt=\count187
\Gm@bindingoffset=\dimen139
\Gm@wd@mp=\dimen140
\Gm@odd@mp=\dimen141
\Gm@even@mp=\dimen142
\Gm@layoutwidth=\dimen143
\Gm@layoutheight=\dimen144
\Gm@layouthoffset=\dimen145
\Gm@layoutvoffset=\dimen146
\Gm@dimlist=\toks16
)
(c:/texlive/2020/texmf-dist/tex/latex/tools/indentfirst.sty
Package: indentfirst 1995/11/23 v1.03 Indent first paragraph (DPC)
)
(c:/texlive/2020/texmf-dist/tex/latex/comment/comment.sty
\CommentStream=\write3

Excluding comment 'comment')
(c:/texlive/2020/texmf-dist/tex/latex/ctex/ctex.sty
(c:/texlive/2020/texmf-dist/tex/latex/l3kernel/expl3.sty
Package: expl3 2020-03-06 L3 programming layer (loader) 

(c:/texlive/2020/texmf-dist/tex/latex/l3backend/l3backend-xdvipdfmx.def
File: l3backend-xdvipdfmx.def 2020-03-12 L3 backend support: xdvipdfmx
\g__graphics_track_int=\count188
\l__pdf_internal_box=\box46
\g__pdf_backend_object_int=\count189
\g__pdf_backend_annotation_int=\count190
))
Package: ctex 2019/05/29 v2.4.16 Chinese adapter in LaTeX (CTEX)

(c:/texlive/2020/texmf-dist/tex/latex/l3packages/xparse/xparse.sty
Package: xparse 2020-03-06 L3 Experimental document command parser
\l__xparse_current_arg_int=\count191
\g__xparse_grabber_int=\count192
\l__xparse_m_args_int=\count193
\l__xparse_v_nesting_int=\count194
)
(c:/texlive/2020/texmf-dist/tex/latex/l3packages/l3keys2e/l3keys2e.sty
Package: l3keys2e 2020-03-06 LaTeX2e option processing using LaTeX3 keys
)
(c:/texlive/2020/texmf-dist/tex/latex/ctex/ctexhook.sty
Package: ctexhook 2019/05/29 v2.4.16 Document and package hooks (CTEX)
)
(c:/texlive/2020/texmf-dist/tex/latex/ctex/ctexpatch.sty
Package: ctexpatch 2019/05/29 v2.4.16 Patching commands (CTEX)
)
(c:/texlive/2020/texmf-dist/tex/latex/base/fix-cm.sty
Package: fix-cm 2015/01/14 v1.1t fixes to LaTeX

(c:/texlive/2020/texmf-dist/tex/latex/base/ts1enc.def
File: ts1enc.def 2001/06/05 v3.0e (jk/car/fm) Standard LaTeX file
LaTeX Font Info:    Redeclaring font encoding TS1 on input line 47.
))
(c:/texlive/2020/texmf-dist/tex/latex/ms/everysel.sty
Package: everysel 2011/10/28 v1.2 EverySelectfont Package (MS)
)
\l__ctex_tmp_int=\count195
\l__ctex_tmp_box=\box47
\l__ctex_tmp_dim=\dimen147
\g__ctex_section_depth_int=\count196
\g__ctex_font_size_int=\count197

(c:/texlive/2020/texmf-dist/tex/latex/ctex/config/ctexopts.cfg
File: ctexopts.cfg 2019/05/29 v2.4.16 Option configuration file (CTEX)
)
(c:/texlive/2020/texmf-dist/tex/latex/ctex/engine/ctex-engine-xetex.def
File: ctex-engine-xetex.def 2019/05/29 v2.4.16 XeLaTeX adapter (CTEX)

(c:/texlive/2020/texmf-dist/tex/xelatex/xecjk/xeCJK.sty
Package: xeCJK 2020/02/18 v3.8.2 Typesetting CJK scripts with XeLaTeX

(c:/texlive/2020/texmf-dist/tex/latex/l3packages/xtemplate/xtemplate.sty
Package: xtemplate 2020-03-06 L3 Experimental prototype document functions
\l__xtemplate_tmp_dim=\dimen148
\l__xtemplate_tmp_int=\count198
\l__xtemplate_tmp_muskip=\muskip17
\l__xtemplate_tmp_skip=\skip50
)
\l__xeCJK_tmp_int=\count199
\l__xeCJK_tmp_box=\box48
\l__xeCJK_tmp_dim=\dimen149
\l__xeCJK_tmp_skip=\skip51
\g__xeCJK_space_factor_int=\count266
\l__xeCJK_begin_int=\count267
\l__xeCJK_end_int=\count268
\c__xeCJK_CJK_class_int=\XeTeXcharclass1
\c__xeCJK_FullLeft_class_int=\XeTeXcharclass2
\c__xeCJK_FullRight_class_int=\XeTeXcharclass3
\c__xeCJK_HalfLeft_class_int=\XeTeXcharclass4
\c__xeCJK_HalfRight_class_int=\XeTeXcharclass5
\c__xeCJK_NormalSpace_class_int=\XeTeXcharclass6
\c__xeCJK_CM_class_int=\XeTeXcharclass7
\c__xeCJK_HangulJamo_class_int=\XeTeXcharclass8
\l__xeCJK_last_skip=\skip52
\g__xeCJK_node_int=\count269
\c__xeCJK_CJK_node_dim=\dimen150
\c__xeCJK_CJK-space_node_dim=\dimen151
\c__xeCJK_default_node_dim=\dimen152
\c__xeCJK_default-space_node_dim=\dimen153
\c__xeCJK_CJK-widow_node_dim=\dimen154
\c__xeCJK_normalspace_node_dim=\dimen155
\l__xeCJK_ccglue_skip=\skip53
\l__xeCJK_ecglue_skip=\skip54
\l__xeCJK_punct_kern_skip=\skip55
\l__xeCJK_last_penalty_int=\count270
\l__xeCJK_last_bound_dim=\dimen156
\l__xeCJK_last_kern_dim=\dimen157
\l__xeCJK_widow_penalty_int=\count271

Package xtemplate Info: Declaring object type 'xeCJK/punctuation' taking 0
(xtemplate)             argument(s) on line 2302.

\l__xeCJK_fixed_punct_width_dim=\dimen158
\l__xeCJK_mixed_punct_width_dim=\dimen159
\l__xeCJK_middle_punct_width_dim=\dimen160
\l__xeCJK_fixed_margin_width_dim=\dimen161
\l__xeCJK_mixed_margin_width_dim=\dimen162
\l__xeCJK_middle_margin_width_dim=\dimen163
\l__xeCJK_bound_punct_width_dim=\dimen164
\l__xeCJK_bound_margin_width_dim=\dimen165
\l__xeCJK_margin_minimum_dim=\dimen166
\l__xeCJK_kerning_total_width_dim=\dimen167
\l__xeCJK_same_align_margin_dim=\dimen168
\l__xeCJK_different_align_margin_dim=\dimen169
\l__xeCJK_kerning_margin_width_dim=\dimen170
\l__xeCJK_kerning_margin_minimum_dim=\dimen171
\l__xeCJK_bound_dim=\dimen172
\l__xeCJK_reverse_bound_dim=\dimen173
\l__xeCJK_margin_dim=\dimen174
\l__xeCJK_minimum_bound_dim=\dimen175
\l__xeCJK_kerning_margin_dim=\dimen176
\g__xeCJK_family_int=\count272
\l__xeCJK_fam_int=\count273
\g__xeCJK_fam_allocation_int=\count274
\l__xeCJK_verb_case_int=\count275
\l__xeCJK_verb_exspace_skip=\skip56

(c:/texlive/2020/texmf-dist/tex/latex/fontspec/fontspec.sty
Package: fontspec 2020/02/21 v2.7i Font selection for XeLaTeX and LuaLaTeX

(c:/texlive/2020/texmf-dist/tex/latex/fontspec/fontspec-xetex.sty
Package: fontspec-xetex 2020/02/21 v2.7i Font selection for XeLaTeX and LuaLaTe
X
\l__fontspec_script_int=\count276
\l__fontspec_language_int=\count277
\l__fontspec_strnum_int=\count278
\l__fontspec_tmp_int=\count279
\l__fontspec_tmpa_int=\count280
\l__fontspec_tmpb_int=\count281
\l__fontspec_tmpc_int=\count282
\l__fontspec_em_int=\count283
\l__fontspec_emdef_int=\count284
\l__fontspec_strong_int=\count285
\l__fontspec_strongdef_int=\count286
\l__fontspec_tmpa_dim=\dimen177
\l__fontspec_tmpb_dim=\dimen178
\l__fontspec_tmpc_dim=\dimen179

(c:/texlive/2020/texmf-dist/tex/latex/base/fontenc.sty
Package: fontenc 2020/02/11 v2.0o Standard LaTeX package
)
(c:/texlive/2020/texmf-dist/tex/latex/fontspec/fontspec.cfg)))
(c:/texlive/2020/texmf-dist/tex/xelatex/xecjk/xeCJK.cfg
File: xeCJK.cfg 2020/02/18 v3.8.2 Configuration file for xeCJK package
))
(c:/texlive/2020/texmf-dist/tex/xelatex/xecjk/xeCJKfntef.sty
Package: xeCJKfntef 2020/02/18 v3.8.2 xeCJK font effect

(c:/texlive/2020/texmf-dist/tex/generic/ulem/ulem.sty
\UL@box=\box49
\UL@hyphenbox=\box50
\UL@skip=\skip57
\UL@hook=\toks17
\UL@height=\dimen180
\UL@pe=\count287
\UL@pixel=\dimen181
\ULC@box=\box51
Package: ulem 2019/11/18
\ULdepth=\dimen182
)
\l__xeCJK_space_skip=\skip58
\c__xeCJK_ulem-begin_node_dim=\dimen183
\c__xeCJK_null_box=\box52
\l__xeCJK_fntef_box=\box53
\l__xeCJK_under_symbol_box=\box54
\c__xeCJK_filll_skip=\skip59
)
\ccwd=\dimen184
\l__ctex_ccglue_skip=\skip60
)
\l__ctex_ziju_dim=\dimen185

(c:/texlive/2020/texmf-dist/tex/latex/zhnumber/zhnumber.sty
Package: zhnumber 2019/04/07 v2.7 Typesetting numbers with Chinese glyphs
\l__zhnum_scale_int=\count288

(c:/texlive/2020/texmf-dist/tex/latex/zhnumber/zhnumber-utf8.cfg
File: zhnumber-utf8.cfg 2019/04/07 v2.7 Chinese numerals with UTF8 encoding
))
(c:/texlive/2020/texmf-dist/tex/latex/ctex/scheme/ctex-scheme-plain.def
File: ctex-scheme-plain.def 2019/05/29 v2.4.16 Plain scheme for generic (CTEX)
)
(c:/texlive/2020/texmf-dist/tex/latex/ctex/fontset/ctex-fontset-windows.def
File: ctex-fontset-windows.def 2019/05/29 v2.4.16 Windows fonts definition (CTE
X)

(c:/texlive/2020/texmf-dist/tex/latex/ctex/fontset/ctex-fontset-windowsnew.def
File: ctex-fontset-windowsnew.def 2019/05/29 v2.4.16 Windows fonts definition f
or Vista or later version (CTEX)

Package fontspec Info: Could not resolve font "KaiTi/B" (it probably doesn't
(fontspec)             exist).


Package fontspec Info: Could not resolve font "SimHei/I" (it probably doesn't
(fontspec)             exist).


Package fontspec Info: Could not resolve font "SimSun/BI" (it probably doesn't
(fontspec)             exist).


Package fontspec Info: Font family 'SimSun(0)' created for font 'SimSun' with
(fontspec)             options
(fontspec)             [Script={CJK},BoldFont={SimHei},ItalicFont={KaiTi}].
(fontspec)              
(fontspec)              This font family consists of the following NFSS
(fontspec)             series/shapes:
(fontspec)              
(fontspec)             - 'normal' (m/n) with NFSS spec.:
(fontspec)             <->"SimSun/OT:script=hani;language=dflt;"
(fontspec)             - 'small caps'  (m/sc) with NFSS spec.: 
(fontspec)             - 'bold' (b/n) with NFSS spec.:
(fontspec)             <->"SimHei/OT:script=hani;language=dflt;"
(fontspec)             - 'bold small caps'  (b/sc) with NFSS spec.: 
(fontspec)             - 'italic' (m/it) with NFSS spec.:
(fontspec)             <->"KaiTi/OT:script=hani;language=dflt;"
(fontspec)             - 'italic small caps'  (m/scit) with NFSS spec.: 

))) (c:/texlive/2020/texmf-dist/tex/latex/ctex/config/ctex.cfg
File: ctex.cfg 2019/05/29 v2.4.16 Configuration file (CTEX)
)
(c:/texlive/2020/texmf-dist/tex/latex/newtx/newtxtext.sty
Package: newtxtext 2020/03/02 v1.625

`newtxtext' v1.625, 2020/03/02 Text macros taking advantage of TeX-Gyre Termes 
fonts (msharpe) (c:/texlive/2020/texmf-dist/tex/latex/fontaxes/fontaxes.sty
Package: fontaxes 2014/03/23 v1.0d Font selection axes
LaTeX Info: Redefining \upshape on input line 29.
LaTeX Info: Redefining \itshape on input line 31.
LaTeX Info: Redefining \slshape on input line 33.
LaTeX Info: Redefining \swshape on input line 35.
LaTeX Info: Redefining \scshape on input line 37.
LaTeX Info: Redefining \sscshape on input line 39.
LaTeX Info: Redefining \ulcshape on input line 41.
LaTeX Info: Redefining \textsw on input line 47.
LaTeX Info: Redefining \textssc on input line 48.
LaTeX Info: Redefining \textulc on input line 49.
)
\ntx@fs=\dimen186

(c:/texlive/2020/texmf-dist/tex/latex/xkeyval/xkeyval.sty
Package: xkeyval 2014/12/03 v2.7a package option processing (HA)

(c:/texlive/2020/texmf-dist/tex/generic/xkeyval/xkeyval.tex
(c:/texlive/2020/texmf-dist/tex/generic/xkeyval/xkvutils.tex
\XKV@toks=\toks18
\XKV@tempa@toks=\toks19
)
\XKV@depth=\count289
File: xkeyval.tex 2014/12/03 v2.7a key=value parser (HA)
))
(c:/texlive/2020/texmf-dist/tex/latex/base/fontenc.sty
Package: fontenc 2020/02/11 v2.0o Standard LaTeX package
LaTeX Font Info:    Trying to load font information for T1+ntxtlf on input line
 112.

(c:/texlive/2020/texmf-dist/tex/latex/newtx/t1ntxtlf.fd
File: t1ntxtlf.fd 2015/01/17 v1.0 font definition file for T1/ntx/tlf
)
LaTeX Font Info:    Font shape `T1/ntxtlf/m/n' will be
(Font)              scaled to size 10.95pt on input line 112.
)
(c:/texlive/2020/texmf-dist/tex/latex/base/textcomp.sty
Package: textcomp 2020/02/02 v2.0n Standard LaTeX package
LaTeX Font Info:    Changing ? sub-encoding to TS1/0 on input line 75.
)
LaTeX Info: Redefining \textin on input line 99.
\ntxt@cntz=\count290
LaTeX Font Info:    Redeclaring math symbol \mathsterling on input line 263.
)
(c:/texlive/2020/texmf-dist/tex/latex/anyfontsize/anyfontsize.sty
Invalid UTF-8 byte or sequence at line 3 replaced by U+FFFD.
Invalid UTF-8 byte or sequence at line 3 replaced by U+FFFD.
Package: anyfontsize 2007/11/22 anyfontsize.sty by pts
)
(c:/texlive/2020/texmf-dist/tex/latex/xcolor/xcolor.sty
Package: xcolor 2016/05/11 v2.12 LaTeX color extensions (UK)

(c:/texlive/2020/texmf-dist/tex/latex/graphics-cfg/color.cfg
File: color.cfg 2016/01/02 v1.6 sample color configuration
)
Package xcolor Info: Driver file: xetex.def on input line 225.

(c:/texlive/2020/texmf-dist/tex/latex/graphics-def/xetex.def
File: xetex.def 2017/06/24 v5.0h Graphics/color driver for xetex
)
Package xcolor Info: Model `cmy' substituted by `cmy0' on input line 1348.
Package xcolor Info: Model `RGB' extended on input line 1364.
Package xcolor Info: Model `HTML' substituted by `rgb' on input line 1366.
Package xcolor Info: Model `Hsb' substituted by `hsb' on input line 1367.
Package xcolor Info: Model `tHsb' substituted by `hsb' on input line 1368.
Package xcolor Info: Model `HSB' substituted by `hsb' on input line 1369.
Package xcolor Info: Model `Gray' substituted by `gray' on input line 1370.
Package xcolor Info: Model `wave' substituted by `hsb' on input line 1371.
)
(c:/texlive/2020/texmf-dist/tex/latex/mwe/mwe.sty
Package: mwe 2018/03/30 v0.5 Package to support minimal working examples (MWE)

(c:/texlive/2020/texmf-dist/tex/latex/graphics/graphicx.sty
Package: graphicx 2019/11/30 v1.2a Enhanced LaTeX Graphics (DPC,SPQR)

(c:/texlive/2020/texmf-dist/tex/latex/graphics/graphics.sty
Package: graphics 2019/11/30 v1.4a Standard LaTeX Graphics (DPC,SPQR)

(c:/texlive/2020/texmf-dist/tex/latex/graphics/trig.sty
Package: trig 2016/01/03 v1.10 sin cos tan (DPC)
)
(c:/texlive/2020/texmf-dist/tex/latex/graphics-cfg/graphics.cfg
File: graphics.cfg 2016/06/04 v1.11 sample graphics configuration
)
Package graphics Info: Driver file: xetex.def on input line 105.
)
\Gin@req@height=\dimen187
\Gin@req@width=\dimen188
)
(c:/texlive/2020/texmf-dist/tex/latex/lipsum/lipsum.sty
Package: lipsum 2019/01/02 v2.2 150 paragraphs of Lorem Ipsum dummy text

(c:/texlive/2020/texmf-dist/tex/latex/lipsum/lipsum.ltd.tex
File: lipsum.ltd.tex 2019/01/02 v2.2 The Lorem ipsum dummy text
))
(c:/texlive/2020/texmf-dist/tex/latex/blindtext/blindtext.sty
Package: blindtext 2012/01/06 V2.0 blindtext-Package

(c:/texlive/2020/texmf-dist/tex/latex/tools/xspace.sty
Package: xspace 2014/10/28 v1.13 Space after command names (DPC,MH)
)
\c@blindtext=\count291
\c@Blindtext=\count292
\c@blind@countparstart=\count293
\blind@countxx=\count294
\blindtext@numBlindtext=\count295
\blind@countyy=\count296
\c@blindlist=\count297
\c@blindlistlevel=\count298
\c@blindlist@level=\count299
\blind@listitem=\count300
\c@blind@listcount=\count301
\c@blind@levelcount=\count302
\blind@mathformula=\count303
\blind@Mathformula=\count304
\c@blind@randomcount=\count305
\c@blind@randommax=\count306
\c@blind@pangramcount=\count307
\c@blind@pangrammax=\count308
))
(c:/texlive/2020/texmf-dist/tex/latex/tools/enumerate.sty
Package: enumerate 2015/07/23 v3.00 enumerate extensions (DPC)
\@enLab=\toks20
)
(c:/texlive/2020/texmf-dist/tex/latex/enumitem/enumitem.sty
Package: enumitem 2019/06/20 v3.9 Customized lists
\labelindent=\skip61
\enit@outerparindent=\dimen189
\enit@toks=\toks21
\enit@inbox=\box55
\enit@count@id=\count309
\enitdp@description=\count310
)
(c:/texlive/2020/texmf-dist/tex/latex/caption/caption.sty
Package: caption 2020/01/03 v3.4h Customizing captions (AR)

(c:/texlive/2020/texmf-dist/tex/latex/caption/caption3.sty
Package: caption3 2020/01/03 v1.8h caption3 kernel (AR)
Package caption3 Info: TeX engine: e-TeX on input line 61.
\captionmargin=\dimen190
\captionmargin@=\dimen191
\captionwidth=\dimen192
\caption@tempdima=\dimen193
\caption@indent=\dimen194
\caption@parindent=\dimen195
\caption@hangindent=\dimen196
Package caption Info: Standard document class detected.
)
\c@caption@flags=\count311
\c@continuedfloat=\count312
Package caption Info: hyperref package is loaded.
)
(c:/texlive/2020/texmf-dist/tex/latex/amsmath/amsmath.sty
Package: amsmath 2020/01/20 v2.17e AMS math features
\@mathmargin=\skip62

For additional information on amsmath, use the `?' option.
(c:/texlive/2020/texmf-dist/tex/latex/amsmath/amstext.sty
Package: amstext 2000/06/29 v2.01 AMS text

(c:/texlive/2020/texmf-dist/tex/latex/amsmath/amsgen.sty
File: amsgen.sty 1999/11/30 v2.0 generic functions
\@emptytoks=\toks22
\ex@=\dimen197
))
(c:/texlive/2020/texmf-dist/tex/latex/amsmath/amsbsy.sty
Package: amsbsy 1999/11/29 v1.2d Bold Symbols
\pmbraise@=\dimen198
)
(c:/texlive/2020/texmf-dist/tex/latex/amsmath/amsopn.sty
Package: amsopn 2016/03/08 v2.02 operator names
)
\inf@bad=\count313
LaTeX Info: Redefining \frac on input line 227.
\uproot@=\count314
\leftroot@=\count315
LaTeX Info: Redefining \overline on input line 389.
\classnum@=\count316
\DOTSCASE@=\count317
LaTeX Info: Redefining \ldots on input line 486.
LaTeX Info: Redefining \dots on input line 489.
LaTeX Info: Redefining \cdots on input line 610.
\Mathstrutbox@=\box56
\strutbox@=\box57
\big@size=\dimen199
LaTeX Font Info:    Redeclaring font encoding OML on input line 733.
LaTeX Font Info:    Redeclaring font encoding OMS on input line 734.
\macc@depth=\count318
\c@MaxMatrixCols=\count319
\dotsspace@=\muskip18
\c@parentequation=\count320
\dspbrk@lvl=\count321
\tag@help=\toks23
\row@=\count322
\column@=\count323
\maxfields@=\count324
\andhelp@=\toks24
\eqnshift@=\dimen256
\alignsep@=\dimen257
\tagshift@=\dimen258
\tagwidth@=\dimen259
\totwidth@=\dimen260
\lineht@=\dimen261
\@envbody=\toks25
\multlinegap=\skip63
\multlinetaggap=\skip64
\mathdisplay@stack=\toks26
LaTeX Info: Redefining \[ on input line 2859.
LaTeX Info: Redefining \] on input line 2860.
)
(c:/texlive/2020/texmf-dist/tex/latex/jknapltx/mathrsfs.sty
Package: mathrsfs 1996/01/01 Math RSFS package v1.0 (jk)
\symrsfs=\mathgroup4
)
(c:/texlive/2020/texmf-dist/tex/latex/amsfonts/amsfonts.sty
Package: amsfonts 2013/01/14 v3.01 Basic AMSFonts support
\symAMSa=\mathgroup5
\symAMSb=\mathgroup6
LaTeX Font Info:    Redeclaring math symbol \hbar on input line 98.
LaTeX Font Info:    Overwriting math alphabet `\mathfrak' in version `bold'
(Font)                  U/euf/m/n --> U/euf/b/n on input line 106.
)
(c:/texlive/2020/texmf-dist/tex/latex/amsfonts/amssymb.sty
Package: amssymb 2013/01/14 v3.01 AMS font symbols
)
(c:/texlive/2020/texmf-dist/tex/latex/booktabs/booktabs.sty
Package: booktabs 2020/01/12 v1.61803398 Publication quality tables
\heavyrulewidth=\dimen262
\lightrulewidth=\dimen263
\cmidrulewidth=\dimen264
\belowrulesep=\dimen265
\belowbottomsep=\dimen266
\aboverulesep=\dimen267
\abovetopsep=\dimen268
\cmidrulesep=\dimen269
\cmidrulekern=\dimen270
\defaultaddspace=\dimen271
\@cmidla=\count325
\@cmidlb=\count326
\@aboverulesep=\dimen272
\@belowrulesep=\dimen273
\@thisruleclass=\count327
\@lastruleclass=\count328
\@thisrulewidth=\dimen274
)
(c:/texlive/2020/texmf-dist/tex/latex/tools/multicol.sty
Package: multicol 2019/12/09 v1.8y multicolumn formatting (FMi)
\c@tracingmulticols=\count329
\mult@box=\box58
\multicol@leftmargin=\dimen275
\c@unbalance=\count330
\c@collectmore=\count331
\doublecol@number=\count332
\multicoltolerance=\count333
\multicolpretolerance=\count334
\full@width=\dimen276
\page@free=\dimen277
\premulticols=\dimen278
\postmulticols=\dimen279
\multicolsep=\skip65
\multicolbaselineskip=\skip66
\partial@page=\box59
\last@line=\box60
\maxbalancingoverflow=\dimen280
\mult@rightbox=\box61
\mult@grightbox=\box62
\mult@gfirstbox=\box63
\mult@firstbox=\box64
\@tempa=\box65
\@tempa=\box66
\@tempa=\box67
\@tempa=\box68
\@tempa=\box69
\@tempa=\box70
\@tempa=\box71
\@tempa=\box72
\@tempa=\box73
\@tempa=\box74
\@tempa=\box75
\@tempa=\box76
\@tempa=\box77
\@tempa=\box78
\@tempa=\box79
\@tempa=\box80
\@tempa=\box81
\@tempa=\box82
\@tempa=\box83
\@tempa=\box84
\@tempa=\box85
\@tempa=\box86
\@tempa=\box87
\@tempa=\box88
\@tempa=\box89
\@tempa=\box90
\@tempa=\box91
\@tempa=\box92
\@tempa=\box93
\@tempa=\box94
\@tempa=\box95
\@tempa=\box96
\@tempa=\box97
\@tempa=\box98
\@tempa=\box99
\@tempa=\box100
\@tempa=\box101
\c@minrows=\count335
\c@columnbadness=\count336
\c@finalcolumnbadness=\count337
\last@try=\dimen281
\multicolovershoot=\dimen282
\multicolundershoot=\dimen283
\mult@nat@firstbox=\box102
\colbreak@box=\box103
\mc@col@check@num=\count338
)
(c:/texlive/2020/texmf-dist/tex/latex/multirow/multirow.sty
Package: multirow 2019/05/31 v2.5 Span multiple rows of a table
\multirow@colwidth=\skip67
\multirow@cntb=\count339
\multirow@dima=\skip68
\bigstrutjot=\dimen284
)
(c:/texlive/2020/texmf-dist/tex/latex/fancyvrb/fancyvrb.sty
Package: fancyvrb 2020/01/13 v3.5 verbatim text (tvz,hv)
\FV@CodeLineNo=\count340
\FV@InFile=\read2
\FV@TabBox=\box104
\c@FancyVerbLine=\count341
\FV@StepNumber=\count342
\FV@OutFile=\write4
)
(c:/texlive/2020/texmf-dist/tex/latex/makecell/makecell.sty
Package: makecell 2009/08/03 V0.1e Managing of Tab Column Heads and Cells

(c:/texlive/2020/texmf-dist/tex/latex/tools/array.sty
Package: array 2019/08/31 v2.4l Tabular extension package (FMi)
\col@sep=\dimen285
\ar@mcellbox=\box105
\extrarowheight=\dimen286
\NC@list=\toks27
\extratabsurround=\skip69
\backup@length=\skip70
\ar@cellbox=\box106
)
\rotheadsize=\dimen287
\c@nlinenum=\count343
\TeXr@lab=\toks28
)
(c:/texlive/2020/texmf-dist/tex/generic/hologo/hologo.sty
Package: hologo 2019/12/05 v1.14 A logo collection with bookmark support (HO)
)
(c:/texlive/2020/texmf-dist/tex/latex/gbt7714/gbt7714.sty
Package: gbt7714 2020/03/14 v2.0.1 GB/T 7714-2015 BibTeX Style

(c:/texlive/2020/texmf-dist/tex/latex/natbib/natbib.sty
Package: natbib 2010/09/13 8.31b (PWD, AO)
\bibhang=\skip71
\bibsep=\skip72
LaTeX Info: Redefining \cite on input line 694.
\c@NAT@ctr=\count344
))
(c:/texlive/2020/texmf-dist/tex/latex/xpatch/xpatch.sty
Package: xpatch 2020/03/25 v0.3a Extending etoolbox patching commands
)
(c:/texlive/2020/texmf-dist/tex/latex/pgf/frontendlayer/tikz.sty
(c:/texlive/2020/texmf-dist/tex/latex/pgf/basiclayer/pgf.sty
(c:/texlive/2020/texmf-dist/tex/latex/pgf/utilities/pgfrcs.sty
(c:/texlive/2020/texmf-dist/tex/generic/pgf/utilities/pgfutil-common.tex
\pgfutil@everybye=\toks29
\pgfutil@tempdima=\dimen288
\pgfutil@tempdimb=\dimen289

(c:/texlive/2020/texmf-dist/tex/generic/pgf/utilities/pgfutil-common-lists.tex)
) (c:/texlive/2020/texmf-dist/tex/generic/pgf/utilities/pgfutil-latex.def
\pgfutil@abb=\box107

(c:/texlive/2020/texmf-dist/tex/latex/ms/everyshi.sty
Package: everyshi 2001/05/15 v3.00 EveryShipout Package (MS)
))
(c:/texlive/2020/texmf-dist/tex/generic/pgf/utilities/pgfrcs.code.tex
(c:/texlive/2020/texmf-dist/tex/generic/pgf/pgf.revision.tex)
Package: pgfrcs 2020/01/08 v3.1.5b (3.1.5b)
))
Package: pgf 2020/01/08 v3.1.5b (3.1.5b)

(c:/texlive/2020/texmf-dist/tex/latex/pgf/basiclayer/pgfcore.sty
(c:/texlive/2020/texmf-dist/tex/latex/pgf/systemlayer/pgfsys.sty
(c:/texlive/2020/texmf-dist/tex/generic/pgf/systemlayer/pgfsys.code.tex
Package: pgfsys 2020/01/08 v3.1.5b (3.1.5b)

(c:/texlive/2020/texmf-dist/tex/generic/pgf/utilities/pgfkeys.code.tex
\pgfkeys@pathtoks=\toks30
\pgfkeys@temptoks=\toks31

(c:/texlive/2020/texmf-dist/tex/generic/pgf/utilities/pgfkeysfiltered.code.tex
\pgfkeys@tmptoks=\toks32
))
\pgf@x=\dimen290
\pgf@y=\dimen291
\pgf@xa=\dimen292
\pgf@ya=\dimen293
\pgf@xb=\dimen294
\pgf@yb=\dimen295
\pgf@xc=\dimen296
\pgf@yc=\dimen297
\pgf@xd=\dimen298
\pgf@yd=\dimen299
\w@pgf@writea=\write5
\r@pgf@reada=\read3
\c@pgf@counta=\count345
\c@pgf@countb=\count346
\c@pgf@countc=\count347
\c@pgf@countd=\count348
\t@pgf@toka=\toks33
\t@pgf@tokb=\toks34
\t@pgf@tokc=\toks35
\pgf@sys@id@count=\count349
 (c:/texlive/2020/texmf-dist/tex/generic/pgf/systemlayer/pgf.cfg
File: pgf.cfg 2020/01/08 v3.1.5b (3.1.5b)
)
Driver file for pgf: pgfsys-xetex.def

(c:/texlive/2020/texmf-dist/tex/generic/pgf/systemlayer/pgfsys-xetex.def
File: pgfsys-xetex.def 2020/01/08 v3.1.5b (3.1.5b)

(c:/texlive/2020/texmf-dist/tex/generic/pgf/systemlayer/pgfsys-dvipdfmx.def
File: pgfsys-dvipdfmx.def 2020/01/08 v3.1.5b (3.1.5b)

(c:/texlive/2020/texmf-dist/tex/generic/pgf/systemlayer/pgfsys-common-pdf.def
File: pgfsys-common-pdf.def 2020/01/08 v3.1.5b (3.1.5b)
)
\pgfsys@objnum=\count350
)))
(c:/texlive/2020/texmf-dist/tex/generic/pgf/systemlayer/pgfsyssoftpath.code.tex
File: pgfsyssoftpath.code.tex 2020/01/08 v3.1.5b (3.1.5b)
\pgfsyssoftpath@smallbuffer@items=\count351
\pgfsyssoftpath@bigbuffer@items=\count352
)
(c:/texlive/2020/texmf-dist/tex/generic/pgf/systemlayer/pgfsysprotocol.code.tex
File: pgfsysprotocol.code.tex 2020/01/08 v3.1.5b (3.1.5b)
)) (c:/texlive/2020/texmf-dist/tex/generic/pgf/basiclayer/pgfcore.code.tex
Package: pgfcore 2020/01/08 v3.1.5b (3.1.5b)

(c:/texlive/2020/texmf-dist/tex/generic/pgf/math/pgfmath.code.tex
(c:/texlive/2020/texmf-dist/tex/generic/pgf/math/pgfmathcalc.code.tex
(c:/texlive/2020/texmf-dist/tex/generic/pgf/math/pgfmathutil.code.tex)
(c:/texlive/2020/texmf-dist/tex/generic/pgf/math/pgfmathparser.code.tex
\pgfmath@dimen=\dimen300
\pgfmath@count=\count353
\pgfmath@box=\box108
\pgfmath@toks=\toks36
\pgfmath@stack@operand=\toks37
\pgfmath@stack@operation=\toks38
)
(c:/texlive/2020/texmf-dist/tex/generic/pgf/math/pgfmathfunctions.code.tex
(c:/texlive/2020/texmf-dist/tex/generic/pgf/math/pgfmathfunctions.basic.code.te
x)
(c:/texlive/2020/texmf-dist/tex/generic/pgf/math/pgfmathfunctions.trigonometric
.code.tex)
(c:/texlive/2020/texmf-dist/tex/generic/pgf/math/pgfmathfunctions.random.code.t
ex)
(c:/texlive/2020/texmf-dist/tex/generic/pgf/math/pgfmathfunctions.comparison.co
de.tex)
(c:/texlive/2020/texmf-dist/tex/generic/pgf/math/pgfmathfunctions.base.code.tex
)
(c:/texlive/2020/texmf-dist/tex/generic/pgf/math/pgfmathfunctions.round.code.te
x)
(c:/texlive/2020/texmf-dist/tex/generic/pgf/math/pgfmathfunctions.misc.code.tex
)
(c:/texlive/2020/texmf-dist/tex/generic/pgf/math/pgfmathfunctions.integerarithm
etics.code.tex)))
(c:/texlive/2020/texmf-dist/tex/generic/pgf/math/pgfmathfloat.code.tex
\c@pgfmathroundto@lastzeros=\count354
))
(c:/texlive/2020/texmf-dist/tex/generic/pgf/math/pgfint.code.tex)
(c:/texlive/2020/texmf-dist/tex/generic/pgf/basiclayer/pgfcorepoints.code.tex
File: pgfcorepoints.code.tex 2020/01/08 v3.1.5b (3.1.5b)
\pgf@picminx=\dimen301
\pgf@picmaxx=\dimen302
\pgf@picminy=\dimen303
\pgf@picmaxy=\dimen304
\pgf@pathminx=\dimen305
\pgf@pathmaxx=\dimen306
\pgf@pathminy=\dimen307
\pgf@pathmaxy=\dimen308
\pgf@xx=\dimen309
\pgf@xy=\dimen310
\pgf@yx=\dimen311
\pgf@yy=\dimen312
\pgf@zx=\dimen313
\pgf@zy=\dimen314
)
(c:/texlive/2020/texmf-dist/tex/generic/pgf/basiclayer/pgfcorepathconstruct.cod
e.tex
File: pgfcorepathconstruct.code.tex 2020/01/08 v3.1.5b (3.1.5b)
\pgf@path@lastx=\dimen315
\pgf@path@lasty=\dimen316
)
(c:/texlive/2020/texmf-dist/tex/generic/pgf/basiclayer/pgfcorepathusage.code.te
x
File: pgfcorepathusage.code.tex 2020/01/08 v3.1.5b (3.1.5b)
\pgf@shorten@end@additional=\dimen317
\pgf@shorten@start@additional=\dimen318
)
(c:/texlive/2020/texmf-dist/tex/generic/pgf/basiclayer/pgfcorescopes.code.tex
File: pgfcorescopes.code.tex 2020/01/08 v3.1.5b (3.1.5b)
\pgfpic=\box109
\pgf@hbox=\box110
\pgf@layerbox@main=\box111
\pgf@picture@serial@count=\count355
)
(c:/texlive/2020/texmf-dist/tex/generic/pgf/basiclayer/pgfcoregraphicstate.code
.tex
File: pgfcoregraphicstate.code.tex 2020/01/08 v3.1.5b (3.1.5b)
\pgflinewidth=\dimen319
)
(c:/texlive/2020/texmf-dist/tex/generic/pgf/basiclayer/pgfcoretransformations.c
ode.tex
File: pgfcoretransformations.code.tex 2020/01/08 v3.1.5b (3.1.5b)
\pgf@pt@x=\dimen320
\pgf@pt@y=\dimen321
\pgf@pt@temp=\dimen322
)
(c:/texlive/2020/texmf-dist/tex/generic/pgf/basiclayer/pgfcorequick.code.tex
File: pgfcorequick.code.tex 2020/01/08 v3.1.5b (3.1.5b)
)
(c:/texlive/2020/texmf-dist/tex/generic/pgf/basiclayer/pgfcoreobjects.code.tex
File: pgfcoreobjects.code.tex 2020/01/08 v3.1.5b (3.1.5b)
)
(c:/texlive/2020/texmf-dist/tex/generic/pgf/basiclayer/pgfcorepathprocessing.co
de.tex
File: pgfcorepathprocessing.code.tex 2020/01/08 v3.1.5b (3.1.5b)
)
(c:/texlive/2020/texmf-dist/tex/generic/pgf/basiclayer/pgfcorearrows.code.tex
File: pgfcorearrows.code.tex 2020/01/08 v3.1.5b (3.1.5b)
\pgfarrowsep=\dimen323
)
(c:/texlive/2020/texmf-dist/tex/generic/pgf/basiclayer/pgfcoreshade.code.tex
File: pgfcoreshade.code.tex 2020/01/08 v3.1.5b (3.1.5b)
\pgf@max=\dimen324
\pgf@sys@shading@range@num=\count356
\pgf@shadingcount=\count357
)
(c:/texlive/2020/texmf-dist/tex/generic/pgf/basiclayer/pgfcoreimage.code.tex
File: pgfcoreimage.code.tex 2020/01/08 v3.1.5b (3.1.5b)

(c:/texlive/2020/texmf-dist/tex/generic/pgf/basiclayer/pgfcoreexternal.code.tex
File: pgfcoreexternal.code.tex 2020/01/08 v3.1.5b (3.1.5b)
\pgfexternal@startupbox=\box112
))
(c:/texlive/2020/texmf-dist/tex/generic/pgf/basiclayer/pgfcorelayers.code.tex
File: pgfcorelayers.code.tex 2020/01/08 v3.1.5b (3.1.5b)
)
(c:/texlive/2020/texmf-dist/tex/generic/pgf/basiclayer/pgfcoretransparency.code
.tex
File: pgfcoretransparency.code.tex 2020/01/08 v3.1.5b (3.1.5b)
)
(c:/texlive/2020/texmf-dist/tex/generic/pgf/basiclayer/pgfcorepatterns.code.tex
File: pgfcorepatterns.code.tex 2020/01/08 v3.1.5b (3.1.5b)
) (c:/texlive/2020/texmf-dist/tex/generic/pgf/basiclayer/pgfcorerdf.code.tex
File: pgfcorerdf.code.tex 2020/01/08 v3.1.5b (3.1.5b)
))) (c:/texlive/2020/texmf-dist/tex/generic/pgf/modules/pgfmoduleshapes.code.te
x
File: pgfmoduleshapes.code.tex 2020/01/08 v3.1.5b (3.1.5b)
\pgfnodeparttextbox=\box113
)
(c:/texlive/2020/texmf-dist/tex/generic/pgf/modules/pgfmoduleplot.code.tex
File: pgfmoduleplot.code.tex 2020/01/08 v3.1.5b (3.1.5b)
)
(c:/texlive/2020/texmf-dist/tex/latex/pgf/compatibility/pgfcomp-version-0-65.st
y
Package: pgfcomp-version-0-65 2020/01/08 v3.1.5b (3.1.5b)
\pgf@nodesepstart=\dimen325
\pgf@nodesepend=\dimen326
)
(c:/texlive/2020/texmf-dist/tex/latex/pgf/compatibility/pgfcomp-version-1-18.st
y
Package: pgfcomp-version-1-18 2020/01/08 v3.1.5b (3.1.5b)
)) (c:/texlive/2020/texmf-dist/tex/latex/pgf/utilities/pgffor.sty
(c:/texlive/2020/texmf-dist/tex/latex/pgf/utilities/pgfkeys.sty
(c:/texlive/2020/texmf-dist/tex/generic/pgf/utilities/pgfkeys.code.tex))
(c:/texlive/2020/texmf-dist/tex/latex/pgf/math/pgfmath.sty
(c:/texlive/2020/texmf-dist/tex/generic/pgf/math/pgfmath.code.tex))
(c:/texlive/2020/texmf-dist/tex/generic/pgf/utilities/pgffor.code.tex
Package: pgffor 2020/01/08 v3.1.5b (3.1.5b)

(c:/texlive/2020/texmf-dist/tex/generic/pgf/math/pgfmath.code.tex)
\pgffor@iter=\dimen327
\pgffor@skip=\dimen328
\pgffor@stack=\toks39
\pgffor@toks=\toks40
))
(c:/texlive/2020/texmf-dist/tex/generic/pgf/frontendlayer/tikz/tikz.code.tex
Package: tikz 2020/01/08 v3.1.5b (3.1.5b)

(c:/texlive/2020/texmf-dist/tex/generic/pgf/libraries/pgflibraryplothandlers.co
de.tex
File: pgflibraryplothandlers.code.tex 2020/01/08 v3.1.5b (3.1.5b)
\pgf@plot@mark@count=\count358
\pgfplotmarksize=\dimen329
)
\tikz@lastx=\dimen330
\tikz@lasty=\dimen331
\tikz@lastxsaved=\dimen332
\tikz@lastysaved=\dimen333
\tikz@lastmovetox=\dimen334
\tikz@lastmovetoy=\dimen335
\tikzleveldistance=\dimen336
\tikzsiblingdistance=\dimen337
\tikz@figbox=\box114
\tikz@figbox@bg=\box115
\tikz@tempbox=\box116
\tikz@tempbox@bg=\box117
\tikztreelevel=\count359
\tikznumberofchildren=\count360
\tikznumberofcurrentchild=\count361
\tikz@fig@count=\count362

(c:/texlive/2020/texmf-dist/tex/generic/pgf/modules/pgfmodulematrix.code.tex
File: pgfmodulematrix.code.tex 2020/01/08 v3.1.5b (3.1.5b)
\pgfmatrixcurrentrow=\count363
\pgfmatrixcurrentcolumn=\count364
\pgf@matrix@numberofcolumns=\count365
)
\tikz@expandcount=\count366

(c:/texlive/2020/texmf-dist/tex/generic/pgf/frontendlayer/tikz/libraries/tikzli
brarytopaths.code.tex
File: tikzlibrarytopaths.code.tex 2020/01/08 v3.1.5b (3.1.5b)
)))
(c:/texlive/2020/texmf-dist/tex/generic/pgf/frontendlayer/tikz/libraries/tikzli
brarybackgrounds.code.tex
File: tikzlibrarybackgrounds.code.tex 2020/01/08 v3.1.5b (3.1.5b)
\pgf@layerbox@background=\box118
\pgf@layerboxsaved@background=\box119
)
(c:/texlive/2020/texmf-dist/tex/generic/pgf/frontendlayer/tikz/libraries/tikzli
brarycalc.code.tex
File: tikzlibrarycalc.code.tex 2020/01/08 v3.1.5b (3.1.5b)
)
(c:/texlive/2020/texmf-dist/tex/generic/pgf/frontendlayer/tikz/libraries/tikzli
braryshadows.code.tex
File: tikzlibraryshadows.code.tex 2020/01/08 v3.1.5b (3.1.5b)

(c:/texlive/2020/texmf-dist/tex/generic/pgf/frontendlayer/tikz/libraries/tikzli
braryfadings.code.tex
File: tikzlibraryfadings.code.tex 2020/01/08 v3.1.5b (3.1.5b)

(c:/texlive/2020/texmf-dist/tex/generic/pgf/libraries/pgflibraryfadings.code.te
x
File: pgflibraryfadings.code.tex 2020/01/08 v3.1.5b (3.1.5b)
))) (c:/texlive/2020/texmf-dist/tex/latex/titlesec/titlesec.sty
Package: titlesec 2019/10/16 v2.13 Sectioning titles
\ttl@box=\box120
\beforetitleunit=\skip73
\aftertitleunit=\skip74
\ttl@plus=\dimen338
\ttl@minus=\dimen339
\ttl@toksa=\toks41
\titlewidth=\dimen340
\titlewidthlast=\dimen341
\titlewidthfirst=\dimen342

(c:/texlive/2020/texmf-dist/tex/latex/titlesec/titleps.sty))
(c:/texlive/2020/texmf-dist/tex/latex/apptools/apptools.sty
Package: apptools 2012/11/28 v1.0 Tools for customizing appendices
)
(c:/texlive/2020/texmf-dist/tex/latex/appendix/appendix.sty
Package: appendix 2020/02/08 v1.2c extra appendix facilities
\c@@pps=\count367
\c@@ppsavesec=\count368
\c@@ppsaveapp=\count369
)
(c:/texlive/2020/texmf-dist/tex/latex/psnfss/pifont.sty
Package: pifont 2005/04/12 PSNFSS-v9.2a Pi font support (SPQR) 
LaTeX Font Info:    Trying to load font information for U+pzd on input line 63.


(c:/texlive/2020/texmf-dist/tex/latex/psnfss/upzd.fd
File: upzd.fd 2001/06/04 font definitions for U/pzd.
)
LaTeX Font Info:    Trying to load font information for U+psy on input line 64.


(c:/texlive/2020/texmf-dist/tex/latex/psnfss/upsy.fd
File: upsy.fd 2001/06/04 font definitions for U/psy.
))
(c:/texlive/2020/texmf-dist/tex/latex/manfnt/manfnt.sty
Package: manfnt 1999/07/010.2LaTeX2e manfnt package
\dbend@height=\skip75
)
(c:/texlive/2020/texmf-dist/tex/latex/bbding/bbding.sty
Package: bbding 1999/04/15 v1.01 Dingbats symbols
)
(c:/texlive/2020/texmf-dist/tex/latex/tcolorbox/tcolorbox.sty
Package: tcolorbox 2019/11/15 version 4.22 text color boxes

(c:/texlive/2020/texmf-dist/tex/latex/tools/verbatim.sty
Package: verbatim 2019/11/10 v1.5r LaTeX2e package for verbatim enhancements
\every@verbatim=\toks42
\verbatim@line=\toks43
\verbatim@in@stream=\read4
)
(c:/texlive/2020/texmf-dist/tex/latex/environ/environ.sty
Package: environ 2014/05/04 v0.3 A new way to define environments

(c:/texlive/2020/texmf-dist/tex/latex/trimspaces/trimspaces.sty
Package: trimspaces 2009/09/17 v1.1 Trim spaces around a token list
))
\tcb@titlebox=\box121
\tcb@upperbox=\box122
\tcb@lowerbox=\box123
\tcb@phantombox=\box124
\c@tcbbreakpart=\count370
\c@tcblayer=\count371
\tcolorbox@number=\count372
\tcb@temp=\box125
\tcb@temp=\box126
\tcb@temp=\box127
\tcb@temp=\box128
\tcb@out=\write6
\tcb@record@out=\write7

(c:/texlive/2020/texmf-dist/tex/latex/tcolorbox/tcbraster.code.tex
Library (tcolorbox): 'tcbraster.code.tex' version '4.22'
\c@tcbrastercolumn=\count373
\c@tcbrasterrow=\count374
\c@tcbraster=\count375
) (c:/texlive/2020/texmf-dist/tex/latex/tcolorbox/tcbskins.code.tex
Library (tcolorbox): 'tcbskins.code.tex' version '4.22'
\tcb@waterbox=\box129
(c:/texlive/2020/texmf-dist/tex/latex/tcolorbox/tcbskinsjigsaw.code.tex
Library (tcolorbox): 'tcbskinsjigsaw.code.tex' version '4.22'
)) (c:/texlive/2020/texmf-dist/tex/latex/tcolorbox/tcbbreakable.code.tex
Library (tcolorbox): 'tcbbreakable.code.tex' version '4.22'
\tcb@testbox=\box130
\tcb@totalupperbox=\box131
\tcb@totallowerbox=\box132
) (c:/texlive/2020/texmf-dist/tex/latex/tcolorbox/tcbhooks.code.tex
Library (tcolorbox): 'tcbhooks.code.tex' version '4.22'
) (c:/texlive/2020/texmf-dist/tex/latex/tcolorbox/tcbtheorems.code.tex
Library (tcolorbox): 'tcbtheorems.code.tex' version '4.22'
) (c:/texlive/2020/texmf-dist/tex/latex/tcolorbox/tcbfitting.code.tex
Library (tcolorbox): 'tcbfitting.code.tex' version '4.22'
\tcbfitdim=\dimen343
\tcb@lowerfitdim=\dimen344
\tcb@upperfitdim=\dimen345
\tcb@cur@hbadness=\count376
) (c:/texlive/2020/texmf-dist/tex/latex/tcolorbox/tcbxparse.code.tex
Library (tcolorbox): 'tcbxparse.code.tex' version '4.22'
))
\c@tcb@cnt@definition=\count377
\c@tcb@cnt@theorem=\count378
\c@tcb@cnt@postulate=\count379
\c@tcb@cnt@axiom=\count380
\c@tcb@cnt@proposition=\count381
\c@tcb@cnt@corollary=\count382
\c@tcb@cnt@lemma=\count383
\c@exam=\count384
\c@exer=\count385
\c@prob=\count386
 (c:/texlive/2020/texmf-dist/tex/latex/adforn/adforn.sty
Package: adforn 2019/10/13 v1.1b adforn CFR
LaTeX Font Info:    Trying to load font information for U+OrnementsADF on input
 line 4.

(c:/texlive/2020/texmf-dist/tex/latex/adforn/uornementsadf.fd))
(c:/texlive/2020/texmf-dist/tex/latex/fancyhdr/fancyhdr.sty
Package: fancyhdr 2019/01/31 v3.10 Extensive control of page headers and footer
s
\f@nch@headwidth=\skip76
\f@nch@O@elh=\skip77
\f@nch@O@erh=\skip78
\f@nch@O@olh=\skip79
\f@nch@O@orh=\skip80
\f@nch@O@elf=\skip81
\f@nch@O@erf=\skip82
\f@nch@O@olf=\skip83
\f@nch@O@orf=\skip84
)
(c:/texlive/2020/texmf-dist/tex/latex/listings/listings.sty
\lst@mode=\count387
\lst@gtempboxa=\box133
\lst@token=\toks44
\lst@length=\count388
\lst@currlwidth=\dimen346
\lst@column=\count389
\lst@pos=\count390
\lst@lostspace=\dimen347
\lst@width=\dimen348
\lst@newlines=\count391
\lst@lineno=\count392
\lst@maxwidth=\dimen349

(c:/texlive/2020/texmf-dist/tex/latex/listings/lstmisc.sty
File: lstmisc.sty 2020/03/24 1.8d (Carsten Heinz)
\c@lstnumber=\count393
\lst@skipnumbers=\count394
\lst@framebox=\box134
)
(c:/texlive/2020/texmf-dist/tex/latex/listings/listings.cfg
File: listings.cfg 2020/03/24 1.8d listings configuration
))
Package: listings 2020/03/24 1.8d (Carsten Heinz)

(c:/texlive/2020/texmf-dist/tex/latex/listings/lstlang1.sty
File: lstlang1.sty 2020/03/24 1.8d listings language file
)
(c:/texlive/2020/texmf-dist/tex/latex/listings/lstlang2.sty
File: lstlang2.sty 2020/03/24 1.8d listings language file
)
(c:/texlive/2020/texmf-dist/tex/latex/listings/lstlang3.sty
File: lstlang3.sty 2020/03/24 1.8d listings language file
)
(c:/texlive/2020/texmf-dist/tex/latex/listings/lstlang1.sty
File: lstlang1.sty 2020/03/24 1.8d listings language file
)
(c:/texlive/2020/texmf-dist/tex/latex/listings/lstlang2.sty
File: lstlang2.sty 2020/03/24 1.8d listings language file
)
(c:/texlive/2020/texmf-dist/tex/latex/listings/lstlang3.sty
File: lstlang3.sty 2020/03/24 1.8d listings language file
)
(c:/texlive/2020/texmf-dist/tex/latex/listings/lstlang1.sty
File: lstlang1.sty 2020/03/24 1.8d listings language file
)
(c:/texlive/2020/texmf-dist/tex/latex/listings/lstlang2.sty
File: lstlang2.sty 2020/03/24 1.8d listings language file
)
(c:/texlive/2020/texmf-dist/tex/latex/listings/lstlang3.sty
File: lstlang3.sty 2020/03/24 1.8d listings language file
)
(c:/texlive/2020/texmf-dist/tex/latex/listings/lstmisc.sty
File: lstmisc.sty 2020/03/24 1.8d (Carsten Heinz)
)
(c:/texlive/2020/texmf-dist/tex/latex/tools/bm.sty
Package: bm 2019/07/24 v1.2d Bold Symbol Support (DPC/FMi)
LaTeX Info: Redefining \bm on input line 209.
))
(c:/texlive/2020/texmf-dist/tex/latex/yhmath/yhmath.sty
Package: yhmath 2020/03/17 v1.6
\symyhlargesymbols=\mathgroup7
LaTeX Font Info:    Redeclaring math accent \widetilde on input line 29.
LaTeX Font Info:    Redeclaring math accent \widehat on input line 30.
LaTeX Font Info:    Redeclaring math symbol \braceld on input line 48.
LaTeX Font Info:    Redeclaring math symbol \bracerd on input line 49.
LaTeX Font Info:    Redeclaring math symbol \bracelu on input line 50.
LaTeX Font Info:    Redeclaring math symbol \braceru on input line 51.
LaTeX Font Info:    Redeclaring math delimiter \lmoustache on input line 53.
LaTeX Font Info:    Redeclaring math delimiter \rmoustache on input line 55.
LaTeX Font Info:    Redeclaring math delimiter \arrowvert on input line 57.
LaTeX Font Info:    Redeclaring math delimiter \Arrowvert on input line 59.
LaTeX Font Info:    Redeclaring math delimiter \Vert on input line 61.
LaTeX Font Info:    Redeclaring math delimiter \vert on input line 63.
LaTeX Font Info:    Redeclaring math delimiter \uparrow on input line 65.
LaTeX Font Info:    Redeclaring math delimiter \downarrow on input line 67.
LaTeX Font Info:    Redeclaring math delimiter \updownarrow on input line 69.
LaTeX Font Info:    Redeclaring math delimiter \Uparrow on input line 71.
LaTeX Font Info:    Redeclaring math delimiter \Downarrow on input line 73.
LaTeX Font Info:    Redeclaring math delimiter \Updownarrow on input line 75.
LaTeX Font Info:    Redeclaring math delimiter \backslash on input line 79.
LaTeX Font Info:    Redeclaring math delimiter \rangle on input line 81.
LaTeX Font Info:    Redeclaring math delimiter \langle on input line 83.
LaTeX Font Info:    Redeclaring math delimiter \rbrace on input line 85.
LaTeX Font Info:    Redeclaring math delimiter \lbrace on input line 87.
LaTeX Font Info:    Redeclaring math delimiter \rceil on input line 89.
LaTeX Font Info:    Redeclaring math delimiter \lceil on input line 91.
LaTeX Font Info:    Redeclaring math delimiter \rfloor on input line 93.
LaTeX Font Info:    Redeclaring math delimiter \lfloor on input line 95.
LaTeX Font Info:    Redeclaring math delimiter \lgroup on input line 97.
LaTeX Font Info:    Redeclaring math delimiter \rgroup on input line 99.
LaTeX Font Info:    Redeclaring math delimiter \bracevert on input line 101.
)
(c:/texlive/2020/texmf-dist/tex/xelatex/xecjk/xeCJK-listings.sty
Package: xeCJK-listings 2020/02/18 v3.8.2 xeCJK patch file for listings
\l__xeCJK_listings_max_char_int=\count395
\l__xeCJK_listings_flag_int=\count396
)
(./elegantbook-cn.aux

LaTeX Warning: Label `logo' multiply defined.


LaTeX Warning: Label `logo' multiply defined.


LaTeX Warning: Label `logo' multiply defined.


LaTeX Warning: Label `logo' multiply defined.


LaTeX Warning: Label `fig:fig0406' multiply defined.


LaTeX Warning: Label `fig:fig0702' multiply defined.


LaTeX Warning: Label `fig:fig0701' multiply defined.


LaTeX Warning: Label `fig:fig0806' multiply defined.


LaTeX Warning: Label `fig:fig0806' multiply defined.


LaTeX Warning: Label `fig:fig0806' multiply defined.


LaTeX Warning: Label `fig:fig0434' multiply defined.

)
\openout1 = `elegantbook-cn.aux'.

LaTeX Font Info:    Checking defaults for OML/cmm/m/it on input line 25.
LaTeX Font Info:    ... okay on input line 25.
LaTeX Font Info:    Checking defaults for OMS/cmsy/m/n on input line 25.
LaTeX Font Info:    ... okay on input line 25.
LaTeX Font Info:    Checking defaults for OT1/cmr/m/n on input line 25.
LaTeX Font Info:    ... okay on input line 25.
LaTeX Font Info:    Checking defaults for T1/cmr/m/n on input line 25.
LaTeX Font Info:    ... okay on input line 25.
LaTeX Font Info:    Checking defaults for TS1/cmr/m/n on input line 25.
LaTeX Font Info:    ... okay on input line 25.
LaTeX Font Info:    Checking defaults for TU/lmr/m/n on input line 25.
LaTeX Font Info:    ... okay on input line 25.
LaTeX Font Info:    Checking defaults for OMX/cmex/m/n on input line 25.
LaTeX Font Info:    ... okay on input line 25.
LaTeX Font Info:    Checking defaults for U/cmr/m/n on input line 25.
LaTeX Font Info:    ... okay on input line 25.
LaTeX Font Info:    Checking defaults for PD1/pdf/m/n on input line 25.
LaTeX Font Info:    ... okay on input line 25.
LaTeX Font Info:    Checking defaults for PU/pdf/m/n on input line 25.
LaTeX Font Info:    ... okay on input line 25.
\AtBeginShipoutBox=\box135
Package hyperref Info: Link coloring ON on input line 25.
 (c:/texlive/2020/texmf-dist/tex/latex/hyperref/nameref.sty
Package: nameref 2019/09/16 v2.46 Cross-referencing by name of section

(c:/texlive/2020/texmf-dist/tex/latex/refcount/refcount.sty
Package: refcount 2019/12/15 v3.6 Data extraction from label references (HO)
)
(c:/texlive/2020/texmf-dist/tex/generic/gettitlestring/gettitlestring.sty
Package: gettitlestring 2019/12/15 v1.6 Cleanup title references (HO)
)
\c@section@level=\count397
)
LaTeX Info: Redefining \ref on input line 25.
LaTeX Info: Redefining \pageref on input line 25.
LaTeX Info: Redefining \nameref on input line 25.

(./elegantbook-cn.out) (./elegantbook-cn.out)
\@outlinefile=\write8
\openout8 = `elegantbook-cn.out'.


*geometry* driver: auto-detecting
*geometry* detected driver: xetex
*geometry* verbose mode - [ preamble ] result:
* driver: xetex
* paper: a4paper
* layout: <same size as paper>
* layoutoffset:(h,v)=(0.0pt,0.0pt)
* modes: 
* h-part:(L,W,R)=(89.62709pt, 418.25368pt, 89.6271pt)
* v-part:(T,H,B)=(72.26997pt, 700.5069pt, 72.26997pt)
* \paperwidth=597.50787pt
* \paperheight=845.04684pt
* \textwidth=418.25368pt
* \textheight=700.5069pt
* \oddsidemargin=17.3571pt
* \evensidemargin=17.3571pt
* \topmargin=-73.12352pt
* \headheight=61.74242pt
* \headsep=11.38109pt
* \topskip=11.0pt
* \footskip=34.1433pt
* \marginparwidth=53.0pt
* \marginparsep=7.0pt
* \columnsep=10.0pt
* \skip\footins=10.0pt plus 4.0pt minus 2.0pt
* \hoffset=0.0pt
* \voffset=0.0pt
* \mag=1000
* \@twocolumnfalse
* \@twosidefalse
* \@mparswitchfalse
* \@reversemarginfalse
* (1in=72.27pt=25.4mm, 1cm=28.453pt)

ABD: EverySelectfont initializing macros
LaTeX Info: Redefining \selectfont on input line 25.
\c@mv@tabular=\count398
\c@mv@boldtabular=\count399
Package caption Info: Begin \AtBeginDocument code.
Package caption Info: listings package is loaded.
Package caption Info: End \AtBeginDocument code.

(c:/texlive/2020/texmf-dist/tex/latex/footmisc/footmisc.sty
Package: footmisc 2011/06/06 v5.5b a miscellany of footnote facilities
\FN@temptoken=\toks45
\footnotemargin=\dimen350
\c@pp@next@reset=\count400
Package footmisc Info: Declaring symbol style bringhurst on input line 855.
Package footmisc Info: Declaring symbol style chicago on input line 863.
Package footmisc Info: Declaring symbol style wiley on input line 872.
Package footmisc Info: Declaring symbol style lamport-robust on input line 883.

Package footmisc Info: Declaring symbol style lamport* on input line 903.
Package footmisc Info: Declaring symbol style lamport*-robust on input line 924
.
)
ABD: EveryShipout initializing macros
\c@lstlisting=\count401
Package hyperref Info: Option `pageanchor' set `false' on input line 27.
*geometry* verbose mode - [ newgeometry ] result:
* driver: xetex
* paper: a4paper
* layout: <same size as paper>
* layoutoffset:(h,v)=(0.0pt,0.0pt)
* modes: 
* h-part:(L,W,R)=(0.0pt, 597.50787pt, 0.0pt)
* v-part:(T,H,B)=(0.0pt, 845.04684pt, 0.0pt)
* \paperwidth=597.50787pt
* \paperheight=845.04684pt
* \textwidth=597.50787pt
* \textheight=845.04684pt
* \oddsidemargin=-72.26999pt
* \evensidemargin=-72.26999pt
* \topmargin=-145.3935pt
* \headheight=61.74242pt
* \headsep=11.38109pt
* \topskip=11.0pt
* \footskip=34.1433pt
* \marginparwidth=53.0pt
* \marginparsep=7.0pt
* \columnsep=10.0pt
* \skip\footins=10.0pt plus 4.0pt minus 2.0pt
* \hoffset=0.0pt
* \voffset=0.0pt
* \mag=1000
* \@twocolumnfalse
* \@twosidefalse
* \@mparswitchfalse
* \@reversemarginfalse
* (1in=72.27pt=25.4mm, 1cm=28.453pt)

File: ./figure/coverback2.jpg Graphic file (type bmp)
<./figure/coverback2.jpg>
LaTeX Font Info:    Font shape `T1/ntxtlf/b/n' will be
(Font)              scaled to size 10.95pt on input line 27.
LaTeX Font Info:    Font shape `T1/ntxtlf/b/n' will be
(Font)              scaled to size 24.88pt on input line 27.
LaTeX Font Info:    Trying to load font information for U+rsfs on input line 27
.

(c:/texlive/2020/texmf-dist/tex/latex/jknapltx/ursfs.fd
File: ursfs.fd 1998/03/24 rsfs font definition file (jk)
)
LaTeX Font Info:    Trying to load font information for U+msa on input line 27.


(c:/texlive/2020/texmf-dist/tex/latex/amsfonts/umsa.fd
File: umsa.fd 2013/01/14 v3.01 AMS symbols A
)
LaTeX Font Info:    Trying to load font information for U+msb on input line 27.


(c:/texlive/2020/texmf-dist/tex/latex/amsfonts/umsb.fd
File: umsb.fd 2013/01/14 v3.01 AMS symbols B
)
LaTeX Font Info:    Trying to load font information for OMX+yhex on input line 
27.

(c:/texlive/2020/texmf-dist/tex/latex/yhmath/OMXyhex.fd
File: OMXyhex.fd 
File: OMXyhex.fd 2013/07/03 v1.1 YH's humble contribution to TeX maths (NP)
)
LaTeX Font Info:    Font shape `T1/ntxtlf/b/n' will be
(Font)              scaled to size 14.4pt on input line 27.

Package fontspec Info: Could not resolve font "KaiTi/BI" (it probably doesn't
(fontspec)             exist).


Package fontspec Info: Could not resolve font "KaiTi/B" (it probably doesn't
(fontspec)             exist).


Package fontspec Info: Could not resolve font "KaiTi/I" (it probably doesn't
(fontspec)             exist).


Package fontspec Info: Font family 'KaiTi(0)' created for font 'KaiTi' with
(fontspec)             options [Script={CJK}].
(fontspec)              
(fontspec)              This font family consists of the following NFSS
(fontspec)             series/shapes:
(fontspec)              
(fontspec)             - 'normal' (m/n) with NFSS spec.:
(fontspec)             <->"KaiTi/OT:script=hani;language=dflt;"
(fontspec)             - 'small caps'  (m/sc) with NFSS spec.: 

File: ./figure/logo.pdf Graphic file (type pdf)
<use ./figure/logo.pdf>
 [1



]
LaTeX Font Info:    Font shape `T1/ntxtlf/b/n' will be
(Font)              scaled to size 17.28pt on input line 30.

(./elegantbook-cn.toc [1



])
\tf@toc=\write9
\openout9 = `elegantbook-cn.toc'.

LaTeX Font Info:    Font shape `T1/ntxtlf/m/n' will be
(Font)              scaled to size 8.0pt on input line 32.
 [2] (./001004.tex
\nobreakspace {}\nobreakspace {} 1.
LaTeX Font Info:    Font shape `T1/ntxtlf/b/n' will be
(Font)              scaled to size 12.0pt on input line 11.
[1


]
File: ./figure/cover.jpg Graphic file (type bmp)
<./figure/cover.jpg>
LaTeX Font Info:    Font shape `T1/ntxtlf/m/n' will be
(Font)              scaled to size 10.0pt on input line 32.
LaTeX Font Info:    Font shape `T1/ntxtlf/b/n' will be
(Font)              scaled to size 10.0pt on input line 32.
 [2] [3]) (./005008.tex [4] [5]
\nobreakspace {}\nobreakspace {} 2.
[6

]
File: ./figure/logo.png Graphic file (type bmp)
<./figure/logo.png>
 [7]
LaTeX Font Info:    Font shape `T1/ntxtlf/m/it' will be
(Font)              scaled to size 10.95pt on input line 105.

Overfull \hbox (5.48761pt too wide) in paragraph at lines 105--105
[]|$ $\T1/ntxtlf/m/it/10.95 A| 
 []


Overfull \hbox (5.69023pt too wide) in paragraph at lines 106--106
[]|\T1/ntxtlf/m/n/10.95 d\T1/ntxtlf/m/it/10.95 l| 
 []


Overfull \hbox (9.69247pt too wide) in paragraph at lines 107--107
[]|\T1/ntxtlf/m/n/10.95 d\T1/ntxtlf/m/it/10.95 F| 
 []


Overfull \hbox (11.67693pt too wide) in paragraph at lines 108--108
[]|$\OML/cmm/m/it/10.95 K[]$| 
 []

File: ./figure/logo.png Graphic file (type bmp)
<./figure/logo.png>
[8]
Overfull \hbox (9.66151pt too wide) in paragraph at lines 138--138
[]|$\OML/cmm/m/it/10.95 F[]$| 
 []


Overfull \hbox (5.39508pt too wide) in paragraph at lines 139--139
[]|$ \OML/cmm/m/it/10.95 ^^V$| 
 []


Overfull \hbox (7.00967pt too wide) in paragraph at lines 140--140
[]|$ \OML/cmm/m/it/10.95 A$| 
 []


Overfull \hbox (11.90648pt too wide) in paragraph at lines 141--141
[]|$[]$| 
 []

) (./009012.tex
Missing character: There is no  in font ntx-Regular-tlf-t1!
Missing character: There is no  in font ntx-Regular-tlf-t1!
Missing character: There is no  in font ntx-Regular-tlf-t1!
Missing character: There is no  in font ntx-Regular-tlf-t1!
 [9]
Missing character: There is no  in font cmr10!
Missing character: There is no  in font cmr10!
Missing character: There is no  in font cmr10!
Missing character: There is no  in font cmr10!
Missing character: There is no  in font ntx-Regular-tlf-t1!
 [10]
File: ./figure/cover.jpg Graphic file (type bmp)
<./figure/cover.jpg>
 [11] [12]
File: ./figure/cover.jpg Graphic file (type bmp)
<./figure/cover.jpg>
 [13

]) (./013016.tex
LaTeX Font Info:    Font shape `T1/ntxtlf/m/n' will be
(Font)              scaled to size 6.0pt on input line 7.
File: ./figure/cover.jpg Graphic file (type bmp)
<./figure/cover.jpg>
 [14]
File: ./figure/cover.jpg Graphic file (type bmp)
<./figure/cover.jpg>
File: ./figure/cover.jpg Graphic file (type bmp)
<./figure/cover.jpg>
 [15] [16]
\nobreakspace {}\nobreakspace {} 3.
File: ./figure/cover.jpg Graphic file (type bmp)
<./figure/cover.jpg>
File: ./figure/cover.jpg Graphic file (type bmp)
<./figure/cover.jpg>
[17

] [18]
File: ./figure/cover.jpg Graphic file (type bmp)
<./figure/cover.jpg>
) (./017020.tex [19]
File: ./figure/cover.jpg Graphic file (type bmp)
<./figure/cover.jpg>
 [20]
File: ./figure/cover.jpg Graphic file (type bmp)
<./figure/cover.jpg>
 [21]
File: ./figure/cover.jpg Graphic file (type bmp)
<./figure/cover.jpg>
 [22]
Missing character: There is no  in font ntx-Regular-tlf-t1!
File: ./figure/cover.jpg Graphic file (type bmp)
<./figure/cover.jpg>
 [23]

Package amsmath Warning: Foreign command \over;
(amsmath)                \frac or \genfrac should be used instead
(amsmath)                 on input line 204.

) (./021024.tex
File: ./figure/cover.jpg Graphic file (type bmp)
<./figure/cover.jpg>
 [24]
File: ./figure/cover.jpg Graphic file (type bmp)
<./figure/cover.jpg>
 [25]
File: ./figure/cover.jpg Graphic file (type bmp)
<./figure/cover.jpg>
 [26] [27] [28]
File: ./figure/cover.jpg Graphic file (type bmp)
<./figure/cover.jpg>
) (./025028.tex [29]
File: ./figure/cover.jpg Graphic file (type bmp)
<./figure/cover.jpg>
File: ./figure/cover.jpg Graphic file (type bmp)
<./figure/cover.jpg>
 [30]
File: ./figure/cover.jpg Graphic file (type bmp)
<./figure/cover.jpg>
 [31] [32]
[33]
File: ./figure/cover.jpg Graphic file (type bmp)
<./figure/cover.jpg>
) (./029032.tex
File: ./figure/logo.png Graphic file (type bmp)
<./figure/logo.png>
 [34]
File: ./figure/logo.png Graphic file (type bmp)
<./figure/logo.png>


LaTeX Warning: `h' float specifier changed to `ht'.

[35]
Missing character: There is no  in font SimSun/OT:script=hani;language=dflt;!
 [36]) (./033036.tex
File: ./figure/logo.png Graphic file (type bmp)
<./figure/logo.png>
 [37]
File: ./figure/logo.png Graphic file (type bmp)
<./figure/logo.png>
LaTeX Font Info:    Font shape `T1/ntxtlf/m/n' will be
(Font)              scaled to size 7.0pt on input line 42.
LaTeX Font Info:    Font shape `T1/ntxtlf/m/n' will be
(Font)              scaled to size 5.0pt on input line 42.
 [38] [39]) (./037040.tex
Missing character: There is no  in font ntx-Regular-tlf-t1!
File: ./figure/cover.jpg Graphic file (type bmp)
<./figure/cover.jpg>
 [40]
File: ./figure/cover.jpg Graphic file (type bmp)
<./figure/cover.jpg>
 [41]
Missing character: There is no  in font cmr10!
 [42]
File: ./figure/cover.jpg Graphic file (type bmp)
<./figure/cover.jpg>
File: ./figure/cover.jpg Graphic file (type bmp)
<./figure/cover.jpg>
File: ./figure/cover.jpg Graphic file (type bmp)
<./figure/cover.jpg>
Missing character: There is no  in font cmr10!
 [43]
Overfull \hbox (9.38345pt too wide) in paragraph at lines 174--176
[]\T1/ntxtlf/m/n/10.95 1-5 \TU/SimSun(0)/m/n/10.95    $\OML/cmm/m/it/10.95 Q
 \OT1/cmr/m/n/10.95 = 16\OML/cmm/m/it/10.95 L=min$ \TU/SimSun(0)/m/n/10.95   
        |          $\OML/cmm/m/it/10.95 v \OT1/cmr/m/n/10.95 
= 0\OML/cmm/m/it/10.95 :\OT1/cmr/m/n/10.95 11\OML/cmm/m/it/10.95 cm[]=s$\T1/ntx
tlf/m/n/10.95 ,
 []

Missing character: There is no  in font cmr10!
Missing character: There is no  in font cmr10!
) (./041044.tex
File: ./figure/logo.png Graphic file (type bmp)
<./figure/logo.png>


LaTeX Warning: `h' float specifier changed to `ht'.

File: ./figure/logo.png Graphic file (type bmp)
<./figure/logo.png>

LaTeX Warning: `h' float specifier changed to `ht'.

File: ./figure/logo.png Graphic file (type bmp)
<./figure/logo.png>

LaTeX Warning: `h' float specifier changed to `ht'.

File: ./figure/logo.png Graphic file (type bmp)
<./figure/logo.png>

LaTeX Warning: `h' float specifier changed to `ht'.

[44]
File: ./figure/logo.png Graphic file (type bmp)
<./figure/logo.png>


LaTeX Warning: `h' float specifier changed to `ht'.

File: ./figure/logo.png Graphic file (type bmp)
<./figure/logo.png>

LaTeX Warning: `h' float specifier changed to `ht'.

File: ./figure/logo.png Graphic file (type bmp)
<./figure/logo.png>

LaTeX Warning: `h' float specifier changed to `ht'.

File: ./figure/logo.png Graphic file (type bmp)
<./figure/logo.png>

LaTeX Warning: `h' float specifier changed to `ht'.

File: ./figure/logo.png Graphic file (type bmp)
<./figure/logo.png>

LaTeX Warning: `h' float specifier changed to `ht'.

[45] [46] [47]
\nobreakspace {}\nobreakspace {} 4.
File: ./figure/logo.png Graphic file (type bmp)
<./figure/logo.png>
File: ./figure/logo.png Graphic file (type bmp)
<./figure/logo.png>

LaTeX Warning: `h' float specifier changed to `ht'.

[48

]
File: ./figure/logo.png Graphic file (type bmp)
<./figure/logo.png>


LaTeX Warning: `h' float specifier changed to `ht'.

) [49] (./045048.tex [50] [51]
File: ./figure/cover.jpg Graphic file (type bmp)
<./figure/cover.jpg>
LaTeX Font Info:    Font shape `T1/ntxtlf/m/n' will be
(Font)              scaled to size 9.0pt on input line 101.
File: ./figure/cover.jpg Graphic file (type bmp)
<./figure/cover.jpg>
 [52]
File: ./figure/cover.jpg Graphic file (type bmp)
<./figure/cover.jpg>
 [53]
File: ./figure/cover.jpg Graphic file (type bmp)
<./figure/cover.jpg>
) (./049052.tex [54]
File: ./figure/cover.jpg Graphic file (type bmp)
<./figure/cover.jpg>
 [55]
\nobreakspace {}\nobreakspace {} 5.
File: ./figure/cover.jpg Graphic file (type bmp)
<./figure/cover.jpg>
File: ./figure/cover.jpg Graphic file (type bmp)
<./figure/cover.jpg>
Missing character: There is no  in font cmr10!
[56

] [57]
File: ./figure/cover.jpg Graphic file (type bmp)
<./figure/cover.jpg>
File: ./figure/cover.jpg Graphic file (type bmp)
<./figure/cover.jpg>
 [58]) [59] (./053056.tex
File: ./figure/logo.pdf Graphic file (type pdf)
<use ./figure/logo.pdf>
File: ./figure/logo.pdf Graphic file (type pdf)
<use ./figure/logo.pdf>
 [60]
File: ./figure/logo.pdf Graphic file (type pdf)
<use ./figure/logo.pdf>
 [61] [62]
File: ./figure/logo.pdf Graphic file (type pdf)
<use ./figure/logo.pdf>
 [63]
File: ./figure/logo.pdf Graphic file (type pdf)
<use ./figure/logo.pdf>
 [64]) (./057060.tex
[65]
File: ./figure/logo.png Graphic file (type bmp)
<./figure/logo.png>
Missing character: There is no  in font cmr10!
 [66]
File: ./figure/logo.png Graphic file (type bmp)
<./figure/logo.png>
 [67]
File: ./figure/logo.png Graphic file (type bmp)
<./figure/logo.png>
) (./062064.tex
LaTeX Font Info:    Font shape `T1/ntxtlf/m/n' will be
(Font)              scaled to size 12.0pt on input line 1.
 [68]
File: ./figure/cover.jpg Graphic file (type bmp)
<./figure/cover.jpg>

Underfull \hbox (badness 10000) in paragraph at lines 45--51

 []

[69]
Overfull \hbox (124.39333pt too wide) in paragraph at lines 64--72
\TU/SimSun(0)/m/n/10.95   [] 
 []

File: ./figure/cover.jpg Graphic file (type bmp)
<./figure/cover.jpg>
[70]
File: ./figure/cover.jpg Graphic file (type bmp)
<./figure/cover.jpg>
 [71]
File: ./figure/cover.jpg Graphic file (type bmp)
<./figure/cover.jpg>
 [72]) (./066069.tex
File: ./figure/cover.jpg Graphic file (type bmp)
<./figure/cover.jpg>
 [73] [74]
File: ./figure/cover.jpg Graphic file (type bmp)
<./figure/cover.jpg>
 [75] [76]) (./070073.tex
File: ./figure/cover.jpg Graphic file (type bmp)
<./figure/cover.jpg>
File: ./figure/cover.jpg Graphic file (type bmp)
<./figure/cover.jpg>
 [77] [78]
Underfull \hbox (badness 10000) in paragraph at lines 58--64

 []


Underfull \hbox (badness 10000) in paragraph at lines 69--73

 []

[79]
File: ./figure/cover.jpg Graphic file (type bmp)
<./figure/cover.jpg>
 [80] [81]
File: ./figure/cover.jpg Graphic file (type bmp)
<./figure/cover.jpg>
) (./074077.tex [82]
File: ./figure/cover.jpg Graphic file (type bmp)
<./figure/cover.jpg>
File: ./figure/cover.jpg Graphic file (type bmp)
<./figure/cover.jpg>
 [83]
File: ./figure/cover.jpg Graphic file (type bmp)
<./figure/cover.jpg>
 [84]
File: ./figure/cover.jpg Graphic file (type bmp)
<./figure/cover.jpg>
File: ./figure/cover.jpg Graphic file (type bmp)
<./figure/cover.jpg>
 [85] [86]
Missing character: There is no  in font ntx-Regular-tlf-t1!
Missing character: There is no  in font ntx-Regular-tlf-t1!
File: ./figure/cover.jpg Graphic file (type bmp)
<./figure/cover.jpg>
 [87]) (./078081.tex
File: ./figure/logo.pdf Graphic file (type pdf)
<use ./figure/logo.pdf>
File: ./figure/logo.pdf Graphic file (type pdf)
<use ./figure/logo.pdf>
File: ./figure/cover.png Graphic file (type bmp)
<./figure/cover.png>

Overfull \hbox (49.5739pt too wide) in paragraph at lines 21--25
 [][] 
 []

[88] [89]
File: ./figure/cover.png Graphic file (type bmp)
<./figure/cover.png>

Overfull \hbox (49.5739pt too wide) in paragraph at lines 34--38
 [][] 
 []

[90] [91]
File: ./figure/cover.png Graphic file (type bmp)
<./figure/cover.png>

Overfull \hbox (49.5739pt too wide) in paragraph at lines 69--73
 [][] 
 []

File: ./figure/cover.png Graphic file (type bmp)
<./figure/cover.png>

Overfull \hbox (49.5739pt too wide) in paragraph at lines 92--96
 [][] 
 []

File: ./figure/cover.png Graphic file (type bmp)
<./figure/cover.png>

Overfull \hbox (49.5739pt too wide) in paragraph at lines 102--106
 [][] 
 []

) (./082085.tex [92] [93] [94] [95]
\nobreakspace {}\nobreakspace {} 6.
File: ./figure/logo.png Graphic file (type bmp)
<./figure/logo.png>
File: ./figure/logo.png Graphic file (type bmp)
<./figure/logo.png>
[96

]
File: ./figure/logo.png Graphic file (type bmp)
<./figure/logo.png>
File: ./figure/logo.png Graphic file (type bmp)
<./figure/logo.png>
 [97]
File: ./figure/logo.png Graphic file (type bmp)
<./figure/logo.png>
File: ./figure/logo.png Graphic file (type bmp)
<./figure/logo.png>
 [98]
File: ./figure/logo.png Graphic file (type bmp)
<./figure/logo.png>
File: ./figure/logo.png Graphic file (type bmp)
<./figure/logo.png>
File: ./figure/logo.png Graphic file (type bmp)
<./figure/logo.png>
) (./086089.tex
File: ./figure/cover.jpg Graphic file (type bmp)
<./figure/cover.jpg>
File: ./figure/cover.jpg Graphic file (type bmp)
<./figure/cover.jpg>
 [99]
File: ./figure/cover.jpg Graphic file (type bmp)
<./figure/cover.jpg>
 [100]
File: ./figure/cover.jpg Graphic file (type bmp)
<./figure/cover.jpg>
 [101]
File: ./figure/cover.jpg Graphic file (type bmp)
<./figure/cover.jpg>
 [102]) (./090093.tex
File: ./figure/cover.png Graphic file (type bmp)
<./figure/cover.png>
File: ./figure/cover.png Graphic file (type bmp)
<./figure/cover.png>
 [103]
LaTeX Font Info:    Font shape `T1/ntxtlf/b/it' will be
(Font)              scaled to size 10.95pt on input line 35.
File: ./figure/cover.png Graphic file (type bmp)
<./figure/cover.png>
File: ./figure/cover.png Graphic file (type bmp)
<./figure/cover.png>

[104] [105]
File: ./figure/cover.png Graphic file (type bmp)
<./figure/cover.png>
Missing character: There is no  in font cmr10!
 [106]
File: ./figure/cover.png Graphic file (type bmp)
<./figure/cover.png>
) (./094097.tex
File: ./figure/cover.jpg Graphic file (type bmp)
<./figure/cover.jpg>
File: ./figure/cover.jpg Graphic file (type bmp)
<./figure/cover.jpg>
 [107]
Missing character: There is no  in font cmr10!
File: ./figure/cover.jpg Graphic file (type bmp)
<./figure/cover.jpg>
 [108]
File: ./figure/cover.jpg Graphic file (type bmp)
<./figure/cover.jpg>
 [109]
File: ./figure/cover.jpg Graphic file (type bmp)
<./figure/cover.jpg>
 [110]
File: ./figure/cover.jpg Graphic file (type bmp)
<./figure/cover.jpg>
 [111]) (./098101.tex
File: ./figure/logo.png Graphic file (type bmp)
<./figure/logo.png>
File: ./figure/logo.png Graphic file (type bmp)
<./figure/logo.png>
File: ./figure/logo.png Graphic file (type bmp)
<./figure/logo.png>

[112]
File: ./figure/logo.png Graphic file (type bmp)
<./figure/logo.png>
File: ./figure/logo.png Graphic file (type bmp)
<./figure/logo.png>
File: ./figure/logo.png Graphic file (type bmp)
<./figure/logo.png>
 [113]
File: ./figure/logo.png Graphic file (type bmp)
<./figure/logo.png>
Missing character: There is no  in font cmr10!
File: ./figure/logo.png Graphic file (type bmp)
<./figure/logo.png>
 [114]
File: ./figure/logo.png Graphic file (type bmp)
<./figure/logo.png>
File: ./figure/logo.png Graphic file (type bmp)
<./figure/logo.png>
) (./106109.tex [115] [116]
File: ./figure/logo.png Graphic file (type bmp)
<./figure/logo.png>
File: ./figure/logo.png Graphic file (type bmp)
<./figure/logo.png>
 [117]
File: ./figure/logo.png Graphic file (type bmp)
<./figure/logo.png>
 [118] [119]
File: ./figure/logo.png Graphic file (type bmp)
<./figure/logo.png>
LaTeX Font Info:    Font shape `T1/ntxtlf/m/n' will be
(Font)              scaled to size 14.4pt on input line 191.
 [120]
Missing character: There is no  in font ntx-Regular-tlf-t1!
Missing character: There is no  in font ntx-Regular-tlf-t1!
)
(./110113.tex
File: ./figure/cover.jpg Graphic file (type bmp)
<./figure/cover.jpg>
 [121]
File: ./figure/cover.jpg Graphic file (type bmp)
<./figure/cover.jpg>
 [122]
File: ./figure/cover.jpg Graphic file (type bmp)
<./figure/cover.jpg>
File: ./figure/cover.jpg Graphic file (type bmp)
<./figure/cover.jpg>
 [123]
File: ./figure/cover.jpg Graphic file (type bmp)
<./figure/cover.jpg>
 [124]

LaTeX Warning: Command \textgreater invalid in math mode on input line 173.


LaTeX Warning: Command \textgreater invalid in math mode on input line 173.

) (./113116.tex [125] [126] [127]

LaTeX Warning: Command \textgreater invalid in math mode on input line 110.


LaTeX Warning: Command \textgreater invalid in math mode on input line 110.

) (./118121.tex [128]
\nobreakspace {}\nobreakspace {} 7.
File: ./figure/cover.png Graphic file (type bmp)
<./figure/cover.png>
File: ./figure/cover.png Graphic file (type bmp)
<./figure/cover.png>
File: ./figure/cover.png Graphic file (type bmp)
<./figure/cover.png>
[129

] [130]
File: ./figure/cover.png Graphic file (type bmp)
<./figure/cover.png>
File: ./figure/cover.png Graphic file (type bmp)
<./figure/cover.png>
 [131] [132] [133]) (./126129.tex
File: ./figure/cover.jpg Graphic file (type bmp)
<./figure/cover.jpg>
 [134] [135]
File: ./figure/cover.jpg Graphic file (type bmp)
<./figure/cover.jpg>
File: ./figure/cover.jpg Graphic file (type bmp)
<./figure/cover.jpg>
 [136] [137]
\nobreakspace {}\nobreakspace {} 8.
) (./134137.tex [138

] [139]
File: ./figure/cover.jpg Graphic file (type bmp)
<./figure/cover.jpg>
 [140]
File: ./figure/cover.jpg Graphic file (type bmp)
<./figure/cover.jpg>
 [141]
File: ./figure/cover.jpg Graphic file (type bmp)
<./figure/cover.jpg>
) (./138141.tex
File: ./figure/logo.png Graphic file (type bmp)
<./figure/logo.png>
 [142] [143]
File: ./figure/logo.png Graphic file (type bmp)
<./figure/logo.png>
File: ./figure/logo.png Graphic file (type bmp)
<./figure/logo.png>
File: ./figure/logo.png Graphic file (type bmp)
<./figure/logo.png>
 [144]
[145] [146] [147]
File: ./figure/logo.png Graphic file (type bmp)
<./figure/logo.png>
 [148]
Overfull \hbox (21.22319pt too wide) in paragraph at lines 105--112
\TU/SimSun(0)/m/n/10.95   [] 
 []

File: ./figure/logo.png Graphic file (type bmp)
<./figure/logo.png>
File: ./figure/logo.png Graphic file (type bmp)
<./figure/logo.png>
[149] [150] [151]
File: ./figure/logo.png Graphic file (type bmp)
<./figure/logo.png>
) (./142145.tex [152]
File: ./figure/logo.pdf Graphic file (type pdf)
<use ./figure/logo.pdf>
File: ./figure/logo.png Graphic file (type bmp)
<./figure/logo.png>

Overfull \hbox (49.5739pt too wide) in paragraph at lines 30--34
 [][] 
 []

[153] [154]
File: ./figure/logo.png Graphic file (type bmp)
<./figure/logo.png>

Overfull \hbox (49.5739pt too wide) in paragraph at lines 54--58
 [][] 
 []

[155] [156] [157]
File: ./figure/logo.png Graphic file (type bmp)
<./figure/logo.png>

Overfull \hbox (49.5739pt too wide) in paragraph at lines 130--134
 [][] 
 []

[158]
Missing character: There is no  in font ntx-Regular-tlf-t1!
Missing character: There is no  in font ntx-Regular-tlf-t1!
) (./146149.tex
File: ./figure/cover.jpg Graphic file (type bmp)
<./figure/cover.jpg>
 [159]
File: ./figure/cover.jpg Graphic file (type bmp)
<./figure/cover.jpg>
File: ./figure/cover.jpg Graphic file (type bmp)
<./figure/cover.jpg>
 [160]
File: ./figure/cover.jpg Graphic file (type bmp)
<./figure/cover.jpg>
 [161]
File: ./figure/cover.jpg Graphic file (type bmp)
<./figure/cover.jpg>
 [162]
File: ./figure/cover.jpg Graphic file (type bmp)
<./figure/cover.jpg>
File: ./figure/cover.jpg Graphic file (type bmp)
<./figure/cover.jpg>
 [163]) (./154157.tex [164]
\nobreakspace {}\nobreakspace {} 9.
Missing character: There is no  in font ntx-Regular-tlf-t1!
[165

]
File: ./figure/cover.jpg Graphic file (type bmp)
<./figure/cover.jpg>
 [166] [167]
File: ./figure/logo.png Graphic file (type bmp)
<./figure/logo.png>
) (./158161.tex [168]
File: ./figure/logo.png Graphic file (type bmp)
<./figure/logo.png>
 [169] [170]
File: ./figure/logo.png Graphic file (type bmp)
<./figure/logo.png>
 [171]
File: ./figure/logo.png Graphic file (type bmp)
<./figure/logo.png>
) (./162165.tex
File: ./figure/cover.png Graphic file (type bmp)
<./figure/cover.png>

Overfull \hbox (49.5739pt too wide) in paragraph at lines 10--14
 [][] 
 []

[172] [173] [174]
Missing character: There is no  in font cmr10!
Missing character: There is no  in font ntx-Regular-tlf-t1!
) (./166169.tex [175]
File: ./figure/logo.png Graphic file (type bmp)
<./figure/logo.png>
 [176]
\nobreakspace {}\nobreakspace {} 10.
[177

]
Missing character: There is no  in font cmr10!
Missing character: There is no  in font cmr10!
) (./170173.tex [178]
File: ./figure/cover.png Graphic file (type bmp)
<./figure/cover.png>

Overfull \hbox (49.5739pt too wide) in paragraph at lines 10--14
 [][] 
 []

[179]
File: ./figure/cover.png Graphic file (type bmp)
<./figure/cover.png>

Overfull \hbox (49.5739pt too wide) in paragraph at lines 70--74
 [][] 
 []

File: ./figure/cover.png Graphic file (type bmp)
<./figure/cover.png>

Overfull \hbox (49.5739pt too wide) in paragraph at lines 81--85
 [][] 
 []

[180] [181] [182] [183]
File: ./figure/cover.png Graphic file (type bmp)
<./figure/cover.png>

Overfull \hbox (49.5739pt too wide) in paragraph at lines 155--159
 [][] 
 []

) (./174177.tex [184] [185] [186]
File: ./figure/logo.png Graphic file (type bmp)
<./figure/logo.png>
 [187]) (./178181.tex
File: ./figure/cover.jpg Graphic file (type bmp)
<./figure/cover.jpg>
File: ./figure/cover.jpg Graphic file (type bmp)
<./figure/cover.jpg>
File: ./figure/cover.jpg Graphic file (type bmp)
<./figure/cover.jpg>
File: ./figure/cover.jpg Graphic file (type bmp)
<./figure/cover.jpg>
 [188] [189] [190]
File: ./figure/cover.jpg Graphic file (type bmp)
<./figure/cover.jpg>

[191]
File: ./figure/cover.jpg Graphic file (type bmp)
<./figure/cover.jpg>
 [192]
File: ./figure/cover.jpg Graphic file (type bmp)
<./figure/cover.jpg>
 [193]) (./182184.tex [194]
Underfull \hbox (badness 10000) in paragraph at lines 15--16

 []


Overfull \hbox (35.1162pt too wide) in paragraph at lines 66--67
[]\TU/SimSun(0)/m/n/10.95             |         |    
   $\OML/cmm/m/it/10.95 Q \OMS/cmsy/m/n/10.95 ^^Y \OT1/cmr/m/n/10.95 0\OML/cm
m/m/it/10.95 :\OT1/cmr/m/n/10.95 5 \OMS/cmsy/m/n/10.95 ^^B \OT1/cmr/m/n/10.95 1
0[][][]$\T1/ntxtlf/m/n/10.95 /s(30L/min),
 []

[195] [196]) (./185188.tex [197] [198]
File: ./figure/cover.jpg Graphic file (type bmp)
<./figure/cover.jpg>
File: ./figure/cover.jpg Graphic file (type bmp)
<./figure/cover.jpg>
 [199] [200]
Overfull \hbox (11.08153pt too wide) in paragraph at lines 157--158
[]|\TU/SimSun(0)/m/n/10.95 \T1/ntxtlf/m/n/10.95 2\TU/SimSun(0)/m/n/10.95 |  
   \T1/ntxtlf/m/n/10.95 ZBSV40 \TU/SimSun(0)/m/n/10.95          | 
        |     $\OML/cmm/m/it/10.95 n \OT1/cmr/m/n/10.95 = 1460 r\OM
L/cmm/m/it/10.95 =\OT1/cmr/m/n/10.95 min$\TU/SimSun(0)/m/n/10.95 |
 []

[201]
\nobreakspace {}\nobreakspace {} 11.
) (./189192.tex
File: ./figure/cover.jpg Graphic file (type bmp)
<./figure/cover.jpg>
 [202

]
File: ./figure/cover.jpg Graphic file (type bmp)
<./figure/cover.jpg>
File: ./figure/cover.jpg Graphic file (type bmp)
<./figure/cover.jpg>
 [203] [204]
File: ./figure/cover.jpg Graphic file (type bmp)
<./figure/cover.jpg>
 [205]
File: ./figure/cover.jpg Graphic file (type bmp)
<./figure/cover.jpg>
 [206]
File: ./figure/cover.jpg Graphic file (type bmp)
<./figure/cover.jpg>
 [207]) (./193196.tex
File: ./figure/cover.jpg Graphic file (type bmp)
<./figure/cover.jpg>
File: ./figure/cover.jpg Graphic file (type bmp)
<./figure/cover.jpg>
 [208]
[209]
File: ./figure/cover.jpg Graphic file (type bmp)
<./figure/cover.jpg>
File: ./figure/cover.jpg Graphic file (type bmp)
<./figure/cover.jpg>
 [210] [211]
File: ./figure/cover.jpg Graphic file (type bmp)
<./figure/cover.jpg>
 [212]) (./201204.tex
File: ./figure/logo.png Graphic file (type bmp)
<./figure/logo.png>
File: ./figure/logo.png Graphic file (type bmp)
<./figure/logo.png>
 [213] [214]
File: ./figure/logo.png Graphic file (type bmp)
<./figure/logo.png>
LaTeX Font Info:    Trying to load font information for TS1+ntxtlf on input lin
e 125.

(c:/texlive/2020/texmf-dist/tex/latex/newtx/ts1ntxtlf.fd
File: ts1ntxtlf.fd 2015/01/18 v1.0 fd file for TS1/ntxtlf
)
LaTeX Font Info:    Font shape `TS1/ntxtlf/m/n' will be
(Font)              scaled to size 10.95pt on input line 125.
 [215]
File: ./figure/logo.png Graphic file (type bmp)
<./figure/logo.png>
File: ./figure/logo.png Graphic file (type bmp)
<./figure/logo.png>
 [216]) [217]
Package atveryend Info: Empty hook `BeforeClearDocument' on input line 127.
Package atveryend Info: Empty hook `AfterLastShipout' on input line 127.

(./elegantbook-cn.aux)
Package atveryend Info: Empty hook `AtVeryEndDocument' on input line 127.
Package atveryend Info: Executing hook `AtEndAfterFileList' on input line 127.
Package rerunfilecheck Info: File `elegantbook-cn.out' has not changed.
(rerunfilecheck)             Checksum: C73AA127971D00A8520F9A5680A45DC1;7557.


LaTeX Warning: There were multiply-defined labels.

 ) 
Here is how much of TeX's memory you used:
 38031 strings out of 479418
 807378 string characters out of 5888105
 1430323 words of memory out of 5000000
 54687 multiletter control sequences out of 15000+600000
 615800 words of font info for 139 fonts, out of 8000000 for 9000
 1348 hyphenation exceptions out of 8191
 68i,18n,126p,957b,879s stack positions out of 5000i,500n,10000p,200000b,80000s

Output written on elegantbook-cn.pdf (220 pages).
